2025-03-09 14:45:01,343 - INFO - Initialized wandb run: tablesense-20250309-144500
2025-03-09 14:45:01,343 - INFO - Process 0/2 starting training
2025-03-09 14:45:03,523 - INFO - Using provided sampler, shuffle set to False
2025-03-09 14:45:03,523 - INFO - Created DataLoader with: batch_size=1, num_workers=4, shuffle=False, sampler=provided
2025-03-09 18:22:37,045 - ERROR - Error in batch 23 on GPU 0: [Rank 0]: Ranks 1 failed to pass monitoredBarrier in 7200000 ms
2025-03-09 18:22:37,389 - ERROR - Error in batch 24 on GPU 0: !unmarked_param_indices.empty() INTERNAL ASSERT FAILED at "/pytorch/torch/csrc/distributed/c10d/reducer.cpp":1924, please report a bug to PyTorch. 
2025-03-09 18:22:37,395 - ERROR - Error in batch 25 on GPU 0: !unmarked_param_indices.empty() INTERNAL ASSERT FAILED at "/pytorch/torch/csrc/distributed/c10d/reducer.cpp":1924, please report a bug to PyTorch. 
2025-03-09 18:22:37,400 - ERROR - Error in batch 26 on GPU 0: !unmarked_param_indices.empty() INTERNAL ASSERT FAILED at "/pytorch/torch/csrc/distributed/c10d/reducer.cpp":1924, please report a bug to PyTorch. 
2025-03-09 18:22:37,406 - ERROR - Error in batch 27 on GPU 0: !unmarked_param_indices.empty() INTERNAL ASSERT FAILED at "/pytorch/torch/csrc/distributed/c10d/reducer.cpp":1924, please report a bug to PyTorch. 
2025-03-09 18:22:37,413 - ERROR - Error in batch 28 on GPU 0: !unmarked_param_indices.empty() INTERNAL ASSERT FAILED at "/pytorch/torch/csrc/distributed/c10d/reducer.cpp":1924, please report a bug to PyTorch. 
2025-03-09 18:22:37,419 - ERROR - Error in batch 29 on GPU 0: !unmarked_param_indices.empty() INTERNAL ASSERT FAILED at "/pytorch/torch/csrc/distributed/c10d/reducer.cpp":1924, please report a bug to PyTorch. 
2025-03-09 18:22:37,426 - ERROR - Error in batch 30 on GPU 0: !unmarked_param_indices.empty() INTERNAL ASSERT FAILED at "/pytorch/torch/csrc/distributed/c10d/reducer.cpp":1924, please report a bug to PyTorch. 
2025-03-09 18:22:37,433 - ERROR - Error in batch 31 on GPU 0: !unmarked_param_indices.empty() INTERNAL ASSERT FAILED at "/pytorch/torch/csrc/distributed/c10d/reducer.cpp":1924, please report a bug to PyTorch. 
2025-03-09 18:22:37,614 - ERROR - Error in batch 32 on GPU 0: !unmarked_param_indices.empty() INTERNAL ASSERT FAILED at "/pytorch/torch/csrc/distributed/c10d/reducer.cpp":1924, please report a bug to PyTorch. 
2025-03-09 18:22:38,231 - ERROR - Error in batch 33 on GPU 0: !unmarked_param_indices.empty() INTERNAL ASSERT FAILED at "/pytorch/torch/csrc/distributed/c10d/reducer.cpp":1924, please report a bug to PyTorch. 
2025-03-09 18:22:38,232 - ERROR - Error in batch 34 on GPU 0: !unmarked_param_indices.empty() INTERNAL ASSERT FAILED at "/pytorch/torch/csrc/distributed/c10d/reducer.cpp":1924, please report a bug to PyTorch. 
2025-03-09 18:22:38,238 - ERROR - Error in batch 35 on GPU 0: !unmarked_param_indices.empty() INTERNAL ASSERT FAILED at "/pytorch/torch/csrc/distributed/c10d/reducer.cpp":1924, please report a bug to PyTorch. 
2025-03-09 18:22:38,247 - ERROR - Error in batch 36 on GPU 0: !unmarked_param_indices.empty() INTERNAL ASSERT FAILED at "/pytorch/torch/csrc/distributed/c10d/reducer.cpp":1924, please report a bug to PyTorch. 
2025-03-09 18:22:38,546 - ERROR - Error in batch 37 on GPU 0: !unmarked_param_indices.empty() INTERNAL ASSERT FAILED at "/pytorch/torch/csrc/distributed/c10d/reducer.cpp":1924, please report a bug to PyTorch. 
2025-03-09 18:22:38,551 - ERROR - Error in batch 38 on GPU 0: !unmarked_param_indices.empty() INTERNAL ASSERT FAILED at "/pytorch/torch/csrc/distributed/c10d/reducer.cpp":1924, please report a bug to PyTorch. 
2025-03-09 18:22:38,556 - ERROR - Error in batch 39 on GPU 0: !unmarked_param_indices.empty() INTERNAL ASSERT FAILED at "/pytorch/torch/csrc/distributed/c10d/reducer.cpp":1924, please report a bug to PyTorch. 
2025-03-09 18:22:38,560 - ERROR - Error in batch 40 on GPU 0: !unmarked_param_indices.empty() INTERNAL ASSERT FAILED at "/pytorch/torch/csrc/distributed/c10d/reducer.cpp":1924, please report a bug to PyTorch. 
2025-03-09 18:22:38,579 - ERROR - Error in batch 41 on GPU 0: !unmarked_param_indices.empty() INTERNAL ASSERT FAILED at "/pytorch/torch/csrc/distributed/c10d/reducer.cpp":1924, please report a bug to PyTorch. 
2025-03-09 18:22:38,582 - ERROR - Error in batch 42 on GPU 0: !unmarked_param_indices.empty() INTERNAL ASSERT FAILED at "/pytorch/torch/csrc/distributed/c10d/reducer.cpp":1924, please report a bug to PyTorch. 
2025-03-09 18:22:38,585 - ERROR - Error in batch 43 on GPU 0: !unmarked_param_indices.empty() INTERNAL ASSERT FAILED at "/pytorch/torch/csrc/distributed/c10d/reducer.cpp":1924, please report a bug to PyTorch. 
2025-03-09 18:22:38,589 - ERROR - Error in batch 44 on GPU 0: !unmarked_param_indices.empty() INTERNAL ASSERT FAILED at "/pytorch/torch/csrc/distributed/c10d/reducer.cpp":1924, please report a bug to PyTorch. 
2025-03-09 18:22:38,753 - ERROR - Error in batch 45 on GPU 0: !unmarked_param_indices.empty() INTERNAL ASSERT FAILED at "/pytorch/torch/csrc/distributed/c10d/reducer.cpp":1924, please report a bug to PyTorch. 
2025-03-09 18:22:38,756 - ERROR - Error in batch 46 on GPU 0: !unmarked_param_indices.empty() INTERNAL ASSERT FAILED at "/pytorch/torch/csrc/distributed/c10d/reducer.cpp":1924, please report a bug to PyTorch. 
2025-03-09 18:22:38,758 - ERROR - Error in batch 47 on GPU 0: !unmarked_param_indices.empty() INTERNAL ASSERT FAILED at "/pytorch/torch/csrc/distributed/c10d/reducer.cpp":1924, please report a bug to PyTorch. 
2025-03-09 18:22:38,761 - ERROR - Error in batch 48 on GPU 0: !unmarked_param_indices.empty() INTERNAL ASSERT FAILED at "/pytorch/torch/csrc/distributed/c10d/reducer.cpp":1924, please report a bug to PyTorch. 
2025-03-09 18:22:38,793 - ERROR - Error in batch 49 on GPU 0: !unmarked_param_indices.empty() INTERNAL ASSERT FAILED at "/pytorch/torch/csrc/distributed/c10d/reducer.cpp":1924, please report a bug to PyTorch. 
2025-03-09 18:22:38,802 - ERROR - Error in batch 50 on GPU 0: !unmarked_param_indices.empty() INTERNAL ASSERT FAILED at "/pytorch/torch/csrc/distributed/c10d/reducer.cpp":1924, please report a bug to PyTorch. 
2025-03-09 18:22:38,928 - ERROR - Error in batch 51 on GPU 0: !unmarked_param_indices.empty() INTERNAL ASSERT FAILED at "/pytorch/torch/csrc/distributed/c10d/reducer.cpp":1924, please report a bug to PyTorch. 
2025-03-09 18:22:38,930 - ERROR - Error in batch 52 on GPU 0: !unmarked_param_indices.empty() INTERNAL ASSERT FAILED at "/pytorch/torch/csrc/distributed/c10d/reducer.cpp":1924, please report a bug to PyTorch. 
2025-03-09 18:22:38,931 - ERROR - Error in batch 53 on GPU 0: !unmarked_param_indices.empty() INTERNAL ASSERT FAILED at "/pytorch/torch/csrc/distributed/c10d/reducer.cpp":1924, please report a bug to PyTorch. 
2025-03-09 18:22:38,932 - ERROR - Error in batch 54 on GPU 0: !unmarked_param_indices.empty() INTERNAL ASSERT FAILED at "/pytorch/torch/csrc/distributed/c10d/reducer.cpp":1924, please report a bug to PyTorch. 
2025-03-09 18:22:40,798 - ERROR - Error in batch 55 on GPU 0: !unmarked_param_indices.empty() INTERNAL ASSERT FAILED at "/pytorch/torch/csrc/distributed/c10d/reducer.cpp":1924, please report a bug to PyTorch. 
2025-03-09 18:22:40,801 - ERROR - Error in batch 56 on GPU 0: !unmarked_param_indices.empty() INTERNAL ASSERT FAILED at "/pytorch/torch/csrc/distributed/c10d/reducer.cpp":1924, please report a bug to PyTorch. 
2025-03-09 18:22:40,803 - ERROR - Error in batch 57 on GPU 0: !unmarked_param_indices.empty() INTERNAL ASSERT FAILED at "/pytorch/torch/csrc/distributed/c10d/reducer.cpp":1924, please report a bug to PyTorch. 
2025-03-09 18:22:40,804 - ERROR - Error in batch 58 on GPU 0: !unmarked_param_indices.empty() INTERNAL ASSERT FAILED at "/pytorch/torch/csrc/distributed/c10d/reducer.cpp":1924, please report a bug to PyTorch. 
2025-03-09 18:22:40,836 - ERROR - Error in batch 59 on GPU 0: !unmarked_param_indices.empty() INTERNAL ASSERT FAILED at "/pytorch/torch/csrc/distributed/c10d/reducer.cpp":1924, please report a bug to PyTorch. 
2025-03-09 18:22:40,837 - ERROR - Error in batch 60 on GPU 0: !unmarked_param_indices.empty() INTERNAL ASSERT FAILED at "/pytorch/torch/csrc/distributed/c10d/reducer.cpp":1924, please report a bug to PyTorch. 
2025-03-09 18:22:40,838 - ERROR - Error in batch 61 on GPU 0: !unmarked_param_indices.empty() INTERNAL ASSERT FAILED at "/pytorch/torch/csrc/distributed/c10d/reducer.cpp":1924, please report a bug to PyTorch. 
2025-03-09 18:22:40,839 - ERROR - Error in batch 62 on GPU 0: !unmarked_param_indices.empty() INTERNAL ASSERT FAILED at "/pytorch/torch/csrc/distributed/c10d/reducer.cpp":1924, please report a bug to PyTorch. 
2025-03-09 18:22:41,166 - ERROR - Error in batch 63 on GPU 0: !unmarked_param_indices.empty() INTERNAL ASSERT FAILED at "/pytorch/torch/csrc/distributed/c10d/reducer.cpp":1924, please report a bug to PyTorch. 
2025-03-09 18:22:41,167 - ERROR - Error in batch 64 on GPU 0: !unmarked_param_indices.empty() INTERNAL ASSERT FAILED at "/pytorch/torch/csrc/distributed/c10d/reducer.cpp":1924, please report a bug to PyTorch. 
2025-03-09 18:22:41,168 - ERROR - Error in batch 65 on GPU 0: !unmarked_param_indices.empty() INTERNAL ASSERT FAILED at "/pytorch/torch/csrc/distributed/c10d/reducer.cpp":1924, please report a bug to PyTorch. 
2025-03-09 18:22:41,168 - ERROR - Error in batch 66 on GPU 0: !unmarked_param_indices.empty() INTERNAL ASSERT FAILED at "/pytorch/torch/csrc/distributed/c10d/reducer.cpp":1924, please report a bug to PyTorch. 
2025-03-09 18:22:41,234 - ERROR - Error in batch 67 on GPU 0: !unmarked_param_indices.empty() INTERNAL ASSERT FAILED at "/pytorch/torch/csrc/distributed/c10d/reducer.cpp":1924, please report a bug to PyTorch. 
2025-03-09 18:22:41,235 - ERROR - Error in batch 68 on GPU 0: !unmarked_param_indices.empty() INTERNAL ASSERT FAILED at "/pytorch/torch/csrc/distributed/c10d/reducer.cpp":1924, please report a bug to PyTorch. 
2025-03-09 18:22:41,237 - ERROR - Error in batch 69 on GPU 0: !unmarked_param_indices.empty() INTERNAL ASSERT FAILED at "/pytorch/torch/csrc/distributed/c10d/reducer.cpp":1924, please report a bug to PyTorch. 
2025-03-09 18:22:41,238 - ERROR - Error in batch 70 on GPU 0: !unmarked_param_indices.empty() INTERNAL ASSERT FAILED at "/pytorch/torch/csrc/distributed/c10d/reducer.cpp":1924, please report a bug to PyTorch. 
2025-03-09 18:22:41,398 - ERROR - Error in batch 71 on GPU 0: !unmarked_param_indices.empty() INTERNAL ASSERT FAILED at "/pytorch/torch/csrc/distributed/c10d/reducer.cpp":1924, please report a bug to PyTorch. 
2025-03-09 18:22:41,868 - ERROR - Error in batch 72 on GPU 0: !unmarked_param_indices.empty() INTERNAL ASSERT FAILED at "/pytorch/torch/csrc/distributed/c10d/reducer.cpp":1924, please report a bug to PyTorch. 
2025-03-09 18:22:41,870 - ERROR - Error in batch 73 on GPU 0: !unmarked_param_indices.empty() INTERNAL ASSERT FAILED at "/pytorch/torch/csrc/distributed/c10d/reducer.cpp":1924, please report a bug to PyTorch. 
2025-03-09 18:22:41,871 - ERROR - Error in batch 74 on GPU 0: !unmarked_param_indices.empty() INTERNAL ASSERT FAILED at "/pytorch/torch/csrc/distributed/c10d/reducer.cpp":1924, please report a bug to PyTorch. 
2025-03-09 18:22:41,873 - ERROR - Error in batch 75 on GPU 0: !unmarked_param_indices.empty() INTERNAL ASSERT FAILED at "/pytorch/torch/csrc/distributed/c10d/reducer.cpp":1924, please report a bug to PyTorch. 
2025-03-09 18:22:41,874 - ERROR - Error in batch 76 on GPU 0: !unmarked_param_indices.empty() INTERNAL ASSERT FAILED at "/pytorch/torch/csrc/distributed/c10d/reducer.cpp":1924, please report a bug to PyTorch. 
2025-03-09 18:22:41,875 - ERROR - Error in batch 77 on GPU 0: !unmarked_param_indices.empty() INTERNAL ASSERT FAILED at "/pytorch/torch/csrc/distributed/c10d/reducer.cpp":1924, please report a bug to PyTorch. 
2025-03-09 18:22:42,227 - ERROR - Error in batch 78 on GPU 0: !unmarked_param_indices.empty() INTERNAL ASSERT FAILED at "/pytorch/torch/csrc/distributed/c10d/reducer.cpp":1924, please report a bug to PyTorch. 
2025-03-09 18:22:42,361 - ERROR - Error in batch 79 on GPU 0: !unmarked_param_indices.empty() INTERNAL ASSERT FAILED at "/pytorch/torch/csrc/distributed/c10d/reducer.cpp":1924, please report a bug to PyTorch. 
2025-03-09 18:22:42,362 - ERROR - Error in batch 80 on GPU 0: !unmarked_param_indices.empty() INTERNAL ASSERT FAILED at "/pytorch/torch/csrc/distributed/c10d/reducer.cpp":1924, please report a bug to PyTorch. 
2025-03-09 18:22:42,363 - ERROR - Error in batch 81 on GPU 0: !unmarked_param_indices.empty() INTERNAL ASSERT FAILED at "/pytorch/torch/csrc/distributed/c10d/reducer.cpp":1924, please report a bug to PyTorch. 
2025-03-09 18:22:42,374 - ERROR - Error in batch 82 on GPU 0: !unmarked_param_indices.empty() INTERNAL ASSERT FAILED at "/pytorch/torch/csrc/distributed/c10d/reducer.cpp":1924, please report a bug to PyTorch. 
2025-03-09 18:22:42,375 - ERROR - Error in batch 83 on GPU 0: !unmarked_param_indices.empty() INTERNAL ASSERT FAILED at "/pytorch/torch/csrc/distributed/c10d/reducer.cpp":1924, please report a bug to PyTorch. 
2025-03-09 18:22:42,376 - ERROR - Error in batch 84 on GPU 0: !unmarked_param_indices.empty() INTERNAL ASSERT FAILED at "/pytorch/torch/csrc/distributed/c10d/reducer.cpp":1924, please report a bug to PyTorch. 
2025-03-09 18:22:42,788 - ERROR - Error in batch 85 on GPU 0: !unmarked_param_indices.empty() INTERNAL ASSERT FAILED at "/pytorch/torch/csrc/distributed/c10d/reducer.cpp":1924, please report a bug to PyTorch. 
2025-03-09 18:22:42,790 - ERROR - Error in batch 86 on GPU 0: !unmarked_param_indices.empty() INTERNAL ASSERT FAILED at "/pytorch/torch/csrc/distributed/c10d/reducer.cpp":1924, please report a bug to PyTorch. 
2025-03-09 18:22:42,791 - ERROR - Error in batch 87 on GPU 0: !unmarked_param_indices.empty() INTERNAL ASSERT FAILED at "/pytorch/torch/csrc/distributed/c10d/reducer.cpp":1924, please report a bug to PyTorch. 
2025-03-09 18:22:42,792 - ERROR - Error in batch 88 on GPU 0: !unmarked_param_indices.empty() INTERNAL ASSERT FAILED at "/pytorch/torch/csrc/distributed/c10d/reducer.cpp":1924, please report a bug to PyTorch. 
2025-03-09 18:22:42,951 - ERROR - Error in batch 89 on GPU 0: !unmarked_param_indices.empty() INTERNAL ASSERT FAILED at "/pytorch/torch/csrc/distributed/c10d/reducer.cpp":1924, please report a bug to PyTorch. 
2025-03-09 18:22:42,953 - ERROR - Error in batch 90 on GPU 0: !unmarked_param_indices.empty() INTERNAL ASSERT FAILED at "/pytorch/torch/csrc/distributed/c10d/reducer.cpp":1924, please report a bug to PyTorch. 
2025-03-09 18:22:42,954 - ERROR - Error in batch 91 on GPU 0: !unmarked_param_indices.empty() INTERNAL ASSERT FAILED at "/pytorch/torch/csrc/distributed/c10d/reducer.cpp":1924, please report a bug to PyTorch. 
2025-03-09 18:22:42,955 - ERROR - Error in batch 92 on GPU 0: !unmarked_param_indices.empty() INTERNAL ASSERT FAILED at "/pytorch/torch/csrc/distributed/c10d/reducer.cpp":1924, please report a bug to PyTorch. 
2025-03-09 18:22:43,087 - ERROR - Error in batch 93 on GPU 0: !unmarked_param_indices.empty() INTERNAL ASSERT FAILED at "/pytorch/torch/csrc/distributed/c10d/reducer.cpp":1924, please report a bug to PyTorch. 
2025-03-09 18:22:43,089 - ERROR - Error in batch 94 on GPU 0: !unmarked_param_indices.empty() INTERNAL ASSERT FAILED at "/pytorch/torch/csrc/distributed/c10d/reducer.cpp":1924, please report a bug to PyTorch. 
2025-03-09 18:22:43,090 - ERROR - Error in batch 95 on GPU 0: !unmarked_param_indices.empty() INTERNAL ASSERT FAILED at "/pytorch/torch/csrc/distributed/c10d/reducer.cpp":1924, please report a bug to PyTorch. 
2025-03-09 18:22:43,289 - ERROR - Error in batch 96 on GPU 0: !unmarked_param_indices.empty() INTERNAL ASSERT FAILED at "/pytorch/torch/csrc/distributed/c10d/reducer.cpp":1924, please report a bug to PyTorch. 
2025-03-09 18:22:43,610 - ERROR - Error in batch 97 on GPU 0: !unmarked_param_indices.empty() INTERNAL ASSERT FAILED at "/pytorch/torch/csrc/distributed/c10d/reducer.cpp":1924, please report a bug to PyTorch. 
2025-03-09 18:22:43,611 - ERROR - Error in batch 98 on GPU 0: !unmarked_param_indices.empty() INTERNAL ASSERT FAILED at "/pytorch/torch/csrc/distributed/c10d/reducer.cpp":1924, please report a bug to PyTorch. 
2025-03-09 18:22:43,612 - ERROR - Error in batch 99 on GPU 0: !unmarked_param_indices.empty() INTERNAL ASSERT FAILED at "/pytorch/torch/csrc/distributed/c10d/reducer.cpp":1924, please report a bug to PyTorch. 
2025-03-09 18:22:43,613 - ERROR - Error in batch 100 on GPU 0: !unmarked_param_indices.empty() INTERNAL ASSERT FAILED at "/pytorch/torch/csrc/distributed/c10d/reducer.cpp":1924, please report a bug to PyTorch. 
2025-03-09 18:22:43,673 - ERROR - Error in batch 101 on GPU 0: !unmarked_param_indices.empty() INTERNAL ASSERT FAILED at "/pytorch/torch/csrc/distributed/c10d/reducer.cpp":1924, please report a bug to PyTorch. 
2025-03-09 18:22:43,674 - ERROR - Error in batch 102 on GPU 0: !unmarked_param_indices.empty() INTERNAL ASSERT FAILED at "/pytorch/torch/csrc/distributed/c10d/reducer.cpp":1924, please report a bug to PyTorch. 
2025-03-09 18:22:43,674 - ERROR - Error in batch 103 on GPU 0: !unmarked_param_indices.empty() INTERNAL ASSERT FAILED at "/pytorch/torch/csrc/distributed/c10d/reducer.cpp":1924, please report a bug to PyTorch. 
2025-03-09 18:22:43,675 - ERROR - Error in batch 104 on GPU 0: !unmarked_param_indices.empty() INTERNAL ASSERT FAILED at "/pytorch/torch/csrc/distributed/c10d/reducer.cpp":1924, please report a bug to PyTorch. 
2025-03-09 18:22:43,702 - ERROR - Error in batch 105 on GPU 0: !unmarked_param_indices.empty() INTERNAL ASSERT FAILED at "/pytorch/torch/csrc/distributed/c10d/reducer.cpp":1924, please report a bug to PyTorch. 
2025-03-09 18:22:43,720 - ERROR - Error in batch 106 on GPU 0: !unmarked_param_indices.empty() INTERNAL ASSERT FAILED at "/pytorch/torch/csrc/distributed/c10d/reducer.cpp":1924, please report a bug to PyTorch. 
2025-03-09 18:22:43,826 - ERROR - Error in batch 107 on GPU 0: !unmarked_param_indices.empty() INTERNAL ASSERT FAILED at "/pytorch/torch/csrc/distributed/c10d/reducer.cpp":1924, please report a bug to PyTorch. 
2025-03-09 18:22:43,827 - ERROR - Error in batch 108 on GPU 0: !unmarked_param_indices.empty() INTERNAL ASSERT FAILED at "/pytorch/torch/csrc/distributed/c10d/reducer.cpp":1924, please report a bug to PyTorch. 
2025-03-09 18:22:43,827 - ERROR - Error in batch 109 on GPU 0: !unmarked_param_indices.empty() INTERNAL ASSERT FAILED at "/pytorch/torch/csrc/distributed/c10d/reducer.cpp":1924, please report a bug to PyTorch. 
2025-03-09 18:22:43,828 - ERROR - Error in batch 110 on GPU 0: !unmarked_param_indices.empty() INTERNAL ASSERT FAILED at "/pytorch/torch/csrc/distributed/c10d/reducer.cpp":1924, please report a bug to PyTorch. 
2025-03-09 18:22:43,897 - ERROR - Error in batch 111 on GPU 0: !unmarked_param_indices.empty() INTERNAL ASSERT FAILED at "/pytorch/torch/csrc/distributed/c10d/reducer.cpp":1924, please report a bug to PyTorch. 
2025-03-09 18:22:43,898 - ERROR - Error in batch 112 on GPU 0: !unmarked_param_indices.empty() INTERNAL ASSERT FAILED at "/pytorch/torch/csrc/distributed/c10d/reducer.cpp":1924, please report a bug to PyTorch. 
2025-03-09 18:22:43,940 - ERROR - Error in batch 113 on GPU 0: !unmarked_param_indices.empty() INTERNAL ASSERT FAILED at "/pytorch/torch/csrc/distributed/c10d/reducer.cpp":1924, please report a bug to PyTorch. 
2025-03-09 18:22:44,117 - ERROR - Error in batch 114 on GPU 0: !unmarked_param_indices.empty() INTERNAL ASSERT FAILED at "/pytorch/torch/csrc/distributed/c10d/reducer.cpp":1924, please report a bug to PyTorch. 
2025-03-09 18:22:44,121 - ERROR - Error in batch 115 on GPU 0: !unmarked_param_indices.empty() INTERNAL ASSERT FAILED at "/pytorch/torch/csrc/distributed/c10d/reducer.cpp":1924, please report a bug to PyTorch. 
2025-03-09 18:22:44,122 - ERROR - Error in batch 116 on GPU 0: !unmarked_param_indices.empty() INTERNAL ASSERT FAILED at "/pytorch/torch/csrc/distributed/c10d/reducer.cpp":1924, please report a bug to PyTorch. 
2025-03-09 18:22:44,122 - ERROR - Error in batch 117 on GPU 0: !unmarked_param_indices.empty() INTERNAL ASSERT FAILED at "/pytorch/torch/csrc/distributed/c10d/reducer.cpp":1924, please report a bug to PyTorch. 
2025-03-09 18:22:44,145 - ERROR - Error in batch 118 on GPU 0: !unmarked_param_indices.empty() INTERNAL ASSERT FAILED at "/pytorch/torch/csrc/distributed/c10d/reducer.cpp":1924, please report a bug to PyTorch. 
2025-03-09 18:22:44,146 - ERROR - Error in batch 119 on GPU 0: !unmarked_param_indices.empty() INTERNAL ASSERT FAILED at "/pytorch/torch/csrc/distributed/c10d/reducer.cpp":1924, please report a bug to PyTorch. 
2025-03-09 18:22:44,146 - ERROR - Error in batch 120 on GPU 0: !unmarked_param_indices.empty() INTERNAL ASSERT FAILED at "/pytorch/torch/csrc/distributed/c10d/reducer.cpp":1924, please report a bug to PyTorch. 
2025-03-09 18:22:44,147 - ERROR - Error in batch 121 on GPU 0: !unmarked_param_indices.empty() INTERNAL ASSERT FAILED at "/pytorch/torch/csrc/distributed/c10d/reducer.cpp":1924, please report a bug to PyTorch. 
2025-03-09 18:22:44,313 - ERROR - Error in batch 122 on GPU 0: !unmarked_param_indices.empty() INTERNAL ASSERT FAILED at "/pytorch/torch/csrc/distributed/c10d/reducer.cpp":1924, please report a bug to PyTorch. 
2025-03-09 18:22:44,347 - ERROR - Error in batch 123 on GPU 0: !unmarked_param_indices.empty() INTERNAL ASSERT FAILED at "/pytorch/torch/csrc/distributed/c10d/reducer.cpp":1924, please report a bug to PyTorch. 
2025-03-09 18:22:44,651 - ERROR - Error in batch 124 on GPU 0: !unmarked_param_indices.empty() INTERNAL ASSERT FAILED at "/pytorch/torch/csrc/distributed/c10d/reducer.cpp":1924, please report a bug to PyTorch. 
2025-03-09 18:22:44,653 - ERROR - Error in batch 125 on GPU 0: !unmarked_param_indices.empty() INTERNAL ASSERT FAILED at "/pytorch/torch/csrc/distributed/c10d/reducer.cpp":1924, please report a bug to PyTorch. 
2025-03-09 18:22:44,731 - ERROR - Error in batch 126 on GPU 0: !unmarked_param_indices.empty() INTERNAL ASSERT FAILED at "/pytorch/torch/csrc/distributed/c10d/reducer.cpp":1924, please report a bug to PyTorch. 
2025-03-09 18:22:45,825 - ERROR - Error in batch 127 on GPU 0: !unmarked_param_indices.empty() INTERNAL ASSERT FAILED at "/pytorch/torch/csrc/distributed/c10d/reducer.cpp":1924, please report a bug to PyTorch. 
2025-03-09 18:22:45,827 - ERROR - Error in batch 128 on GPU 0: !unmarked_param_indices.empty() INTERNAL ASSERT FAILED at "/pytorch/torch/csrc/distributed/c10d/reducer.cpp":1924, please report a bug to PyTorch. 
2025-03-09 18:22:45,828 - ERROR - Error in batch 129 on GPU 0: !unmarked_param_indices.empty() INTERNAL ASSERT FAILED at "/pytorch/torch/csrc/distributed/c10d/reducer.cpp":1924, please report a bug to PyTorch. 
2025-03-09 18:22:45,829 - ERROR - Error in batch 130 on GPU 0: !unmarked_param_indices.empty() INTERNAL ASSERT FAILED at "/pytorch/torch/csrc/distributed/c10d/reducer.cpp":1924, please report a bug to PyTorch. 
2025-03-09 18:22:50,868 - ERROR - Error in batch 131 on GPU 0: !unmarked_param_indices.empty() INTERNAL ASSERT FAILED at "/pytorch/torch/csrc/distributed/c10d/reducer.cpp":1924, please report a bug to PyTorch. 
2025-03-09 18:22:50,870 - ERROR - Error in batch 132 on GPU 0: !unmarked_param_indices.empty() INTERNAL ASSERT FAILED at "/pytorch/torch/csrc/distributed/c10d/reducer.cpp":1924, please report a bug to PyTorch. 
2025-03-09 18:22:50,871 - ERROR - Error in batch 133 on GPU 0: !unmarked_param_indices.empty() INTERNAL ASSERT FAILED at "/pytorch/torch/csrc/distributed/c10d/reducer.cpp":1924, please report a bug to PyTorch. 
2025-03-09 18:22:50,871 - ERROR - Error in batch 134 on GPU 0: !unmarked_param_indices.empty() INTERNAL ASSERT FAILED at "/pytorch/torch/csrc/distributed/c10d/reducer.cpp":1924, please report a bug to PyTorch. 
2025-03-09 18:22:51,052 - ERROR - Error in batch 135 on GPU 0: !unmarked_param_indices.empty() INTERNAL ASSERT FAILED at "/pytorch/torch/csrc/distributed/c10d/reducer.cpp":1924, please report a bug to PyTorch. 
2025-03-09 18:22:51,053 - ERROR - Error in batch 136 on GPU 0: !unmarked_param_indices.empty() INTERNAL ASSERT FAILED at "/pytorch/torch/csrc/distributed/c10d/reducer.cpp":1924, please report a bug to PyTorch. 
2025-03-09 18:22:51,054 - ERROR - Error in batch 137 on GPU 0: !unmarked_param_indices.empty() INTERNAL ASSERT FAILED at "/pytorch/torch/csrc/distributed/c10d/reducer.cpp":1924, please report a bug to PyTorch. 
2025-03-09 18:22:51,054 - ERROR - Error in batch 138 on GPU 0: !unmarked_param_indices.empty() INTERNAL ASSERT FAILED at "/pytorch/torch/csrc/distributed/c10d/reducer.cpp":1924, please report a bug to PyTorch. 
2025-03-09 18:22:51,249 - ERROR - Error in batch 139 on GPU 0: !unmarked_param_indices.empty() INTERNAL ASSERT FAILED at "/pytorch/torch/csrc/distributed/c10d/reducer.cpp":1924, please report a bug to PyTorch. 
2025-03-09 18:22:51,252 - ERROR - Error in batch 140 on GPU 0: !unmarked_param_indices.empty() INTERNAL ASSERT FAILED at "/pytorch/torch/csrc/distributed/c10d/reducer.cpp":1924, please report a bug to PyTorch. 
2025-03-09 18:22:51,253 - ERROR - Error in batch 141 on GPU 0: !unmarked_param_indices.empty() INTERNAL ASSERT FAILED at "/pytorch/torch/csrc/distributed/c10d/reducer.cpp":1924, please report a bug to PyTorch. 
2025-03-09 18:22:51,254 - ERROR - Error in batch 142 on GPU 0: !unmarked_param_indices.empty() INTERNAL ASSERT FAILED at "/pytorch/torch/csrc/distributed/c10d/reducer.cpp":1924, please report a bug to PyTorch. 
2025-03-09 18:22:51,323 - ERROR - Error in batch 143 on GPU 0: !unmarked_param_indices.empty() INTERNAL ASSERT FAILED at "/pytorch/torch/csrc/distributed/c10d/reducer.cpp":1924, please report a bug to PyTorch. 
2025-03-09 18:22:51,325 - ERROR - Error in batch 144 on GPU 0: !unmarked_param_indices.empty() INTERNAL ASSERT FAILED at "/pytorch/torch/csrc/distributed/c10d/reducer.cpp":1924, please report a bug to PyTorch. 
2025-03-09 18:22:51,375 - ERROR - Error in batch 145 on GPU 0: !unmarked_param_indices.empty() INTERNAL ASSERT FAILED at "/pytorch/torch/csrc/distributed/c10d/reducer.cpp":1924, please report a bug to PyTorch. 
2025-03-09 18:22:51,376 - ERROR - Error in batch 146 on GPU 0: !unmarked_param_indices.empty() INTERNAL ASSERT FAILED at "/pytorch/torch/csrc/distributed/c10d/reducer.cpp":1924, please report a bug to PyTorch. 
2025-03-09 18:22:51,524 - ERROR - Error in batch 147 on GPU 0: !unmarked_param_indices.empty() INTERNAL ASSERT FAILED at "/pytorch/torch/csrc/distributed/c10d/reducer.cpp":1924, please report a bug to PyTorch. 
2025-03-09 18:22:51,525 - ERROR - Error in batch 148 on GPU 0: !unmarked_param_indices.empty() INTERNAL ASSERT FAILED at "/pytorch/torch/csrc/distributed/c10d/reducer.cpp":1924, please report a bug to PyTorch. 
2025-03-09 18:22:51,526 - ERROR - Error in batch 149 on GPU 0: !unmarked_param_indices.empty() INTERNAL ASSERT FAILED at "/pytorch/torch/csrc/distributed/c10d/reducer.cpp":1924, please report a bug to PyTorch. 
2025-03-09 18:22:51,527 - ERROR - Error in batch 150 on GPU 0: !unmarked_param_indices.empty() INTERNAL ASSERT FAILED at "/pytorch/torch/csrc/distributed/c10d/reducer.cpp":1924, please report a bug to PyTorch. 
2025-03-09 18:22:51,551 - ERROR - Error in batch 151 on GPU 0: !unmarked_param_indices.empty() INTERNAL ASSERT FAILED at "/pytorch/torch/csrc/distributed/c10d/reducer.cpp":1924, please report a bug to PyTorch. 
2025-03-09 18:22:51,552 - ERROR - Error in batch 152 on GPU 0: !unmarked_param_indices.empty() INTERNAL ASSERT FAILED at "/pytorch/torch/csrc/distributed/c10d/reducer.cpp":1924, please report a bug to PyTorch. 
2025-03-09 18:22:51,553 - ERROR - Error in batch 153 on GPU 0: !unmarked_param_indices.empty() INTERNAL ASSERT FAILED at "/pytorch/torch/csrc/distributed/c10d/reducer.cpp":1924, please report a bug to PyTorch. 
2025-03-09 18:22:51,812 - ERROR - Error in batch 154 on GPU 0: !unmarked_param_indices.empty() INTERNAL ASSERT FAILED at "/pytorch/torch/csrc/distributed/c10d/reducer.cpp":1924, please report a bug to PyTorch. 
2025-03-09 18:22:51,813 - ERROR - Error in batch 155 on GPU 0: !unmarked_param_indices.empty() INTERNAL ASSERT FAILED at "/pytorch/torch/csrc/distributed/c10d/reducer.cpp":1924, please report a bug to PyTorch. 
2025-03-09 18:22:51,814 - ERROR - Error in batch 156 on GPU 0: !unmarked_param_indices.empty() INTERNAL ASSERT FAILED at "/pytorch/torch/csrc/distributed/c10d/reducer.cpp":1924, please report a bug to PyTorch. 
2025-03-09 18:22:51,815 - ERROR - Error in batch 157 on GPU 0: !unmarked_param_indices.empty() INTERNAL ASSERT FAILED at "/pytorch/torch/csrc/distributed/c10d/reducer.cpp":1924, please report a bug to PyTorch. 
2025-03-09 18:22:51,866 - ERROR - Error in batch 158 on GPU 0: !unmarked_param_indices.empty() INTERNAL ASSERT FAILED at "/pytorch/torch/csrc/distributed/c10d/reducer.cpp":1924, please report a bug to PyTorch. 
2025-03-09 18:22:51,867 - ERROR - Error in batch 159 on GPU 0: !unmarked_param_indices.empty() INTERNAL ASSERT FAILED at "/pytorch/torch/csrc/distributed/c10d/reducer.cpp":1924, please report a bug to PyTorch. 
2025-03-09 18:22:51,868 - ERROR - Error in batch 160 on GPU 0: !unmarked_param_indices.empty() INTERNAL ASSERT FAILED at "/pytorch/torch/csrc/distributed/c10d/reducer.cpp":1924, please report a bug to PyTorch. 
2025-03-09 18:22:52,264 - ERROR - Error in batch 161 on GPU 0: !unmarked_param_indices.empty() INTERNAL ASSERT FAILED at "/pytorch/torch/csrc/distributed/c10d/reducer.cpp":1924, please report a bug to PyTorch. 
2025-03-09 18:22:52,265 - ERROR - Error in batch 162 on GPU 0: !unmarked_param_indices.empty() INTERNAL ASSERT FAILED at "/pytorch/torch/csrc/distributed/c10d/reducer.cpp":1924, please report a bug to PyTorch. 
2025-03-09 18:22:52,266 - ERROR - Error in batch 163 on GPU 0: !unmarked_param_indices.empty() INTERNAL ASSERT FAILED at "/pytorch/torch/csrc/distributed/c10d/reducer.cpp":1924, please report a bug to PyTorch. 
2025-03-09 18:22:52,708 - ERROR - Error in batch 164 on GPU 0: !unmarked_param_indices.empty() INTERNAL ASSERT FAILED at "/pytorch/torch/csrc/distributed/c10d/reducer.cpp":1924, please report a bug to PyTorch. 
2025-03-09 18:22:53,261 - ERROR - Error in batch 165 on GPU 0: !unmarked_param_indices.empty() INTERNAL ASSERT FAILED at "/pytorch/torch/csrc/distributed/c10d/reducer.cpp":1924, please report a bug to PyTorch. 
2025-03-09 18:22:53,263 - ERROR - Error in batch 166 on GPU 0: !unmarked_param_indices.empty() INTERNAL ASSERT FAILED at "/pytorch/torch/csrc/distributed/c10d/reducer.cpp":1924, please report a bug to PyTorch. 
2025-03-09 18:22:54,072 - ERROR - Error in batch 167 on GPU 0: !unmarked_param_indices.empty() INTERNAL ASSERT FAILED at "/pytorch/torch/csrc/distributed/c10d/reducer.cpp":1924, please report a bug to PyTorch. 
2025-03-09 18:22:54,074 - ERROR - Error in batch 168 on GPU 0: !unmarked_param_indices.empty() INTERNAL ASSERT FAILED at "/pytorch/torch/csrc/distributed/c10d/reducer.cpp":1924, please report a bug to PyTorch. 
2025-03-09 18:22:54,075 - ERROR - Error in batch 169 on GPU 0: !unmarked_param_indices.empty() INTERNAL ASSERT FAILED at "/pytorch/torch/csrc/distributed/c10d/reducer.cpp":1924, please report a bug to PyTorch. 
2025-03-09 18:22:54,076 - ERROR - Error in batch 170 on GPU 0: !unmarked_param_indices.empty() INTERNAL ASSERT FAILED at "/pytorch/torch/csrc/distributed/c10d/reducer.cpp":1924, please report a bug to PyTorch. 
2025-03-09 18:22:54,103 - ERROR - Error in batch 171 on GPU 0: !unmarked_param_indices.empty() INTERNAL ASSERT FAILED at "/pytorch/torch/csrc/distributed/c10d/reducer.cpp":1924, please report a bug to PyTorch. 
2025-03-09 18:22:54,104 - ERROR - Error in batch 172 on GPU 0: !unmarked_param_indices.empty() INTERNAL ASSERT FAILED at "/pytorch/torch/csrc/distributed/c10d/reducer.cpp":1924, please report a bug to PyTorch. 
2025-03-09 18:22:54,104 - ERROR - Error in batch 173 on GPU 0: !unmarked_param_indices.empty() INTERNAL ASSERT FAILED at "/pytorch/torch/csrc/distributed/c10d/reducer.cpp":1924, please report a bug to PyTorch. 
2025-03-09 18:22:54,107 - ERROR - Error in batch 174 on GPU 0: !unmarked_param_indices.empty() INTERNAL ASSERT FAILED at "/pytorch/torch/csrc/distributed/c10d/reducer.cpp":1924, please report a bug to PyTorch. 
2025-03-09 18:22:54,124 - ERROR - Error in batch 175 on GPU 0: !unmarked_param_indices.empty() INTERNAL ASSERT FAILED at "/pytorch/torch/csrc/distributed/c10d/reducer.cpp":1924, please report a bug to PyTorch. 
2025-03-09 18:22:54,125 - ERROR - Error in batch 176 on GPU 0: !unmarked_param_indices.empty() INTERNAL ASSERT FAILED at "/pytorch/torch/csrc/distributed/c10d/reducer.cpp":1924, please report a bug to PyTorch. 
2025-03-09 18:22:54,125 - ERROR - Error in batch 177 on GPU 0: !unmarked_param_indices.empty() INTERNAL ASSERT FAILED at "/pytorch/torch/csrc/distributed/c10d/reducer.cpp":1924, please report a bug to PyTorch. 
2025-03-09 18:22:54,167 - ERROR - Error in batch 178 on GPU 0: !unmarked_param_indices.empty() INTERNAL ASSERT FAILED at "/pytorch/torch/csrc/distributed/c10d/reducer.cpp":1924, please report a bug to PyTorch. 
2025-03-09 18:22:54,183 - ERROR - Error in batch 179 on GPU 0: !unmarked_param_indices.empty() INTERNAL ASSERT FAILED at "/pytorch/torch/csrc/distributed/c10d/reducer.cpp":1924, please report a bug to PyTorch. 
2025-03-09 18:22:54,183 - ERROR - Error in batch 180 on GPU 0: !unmarked_param_indices.empty() INTERNAL ASSERT FAILED at "/pytorch/torch/csrc/distributed/c10d/reducer.cpp":1924, please report a bug to PyTorch. 
2025-03-09 18:22:54,184 - ERROR - Error in batch 181 on GPU 0: !unmarked_param_indices.empty() INTERNAL ASSERT FAILED at "/pytorch/torch/csrc/distributed/c10d/reducer.cpp":1924, please report a bug to PyTorch. 
2025-03-09 18:22:54,414 - ERROR - Error in batch 182 on GPU 0: !unmarked_param_indices.empty() INTERNAL ASSERT FAILED at "/pytorch/torch/csrc/distributed/c10d/reducer.cpp":1924, please report a bug to PyTorch. 
2025-03-09 18:22:54,415 - ERROR - Error in batch 183 on GPU 0: !unmarked_param_indices.empty() INTERNAL ASSERT FAILED at "/pytorch/torch/csrc/distributed/c10d/reducer.cpp":1924, please report a bug to PyTorch. 
2025-03-09 18:22:54,417 - ERROR - Error in process 0: ProcessGroupWrapper: Monitored Barrier encountered error running collective: CollectiveFingerPrint(SequenceNumber=100OpType=BARRIER). Error: 
Application timeout caused pair closure
