2025-02-25 16:47:31,012 - INFO - Process 0/4 starting training
2025-02-25 16:47:33,872 - INFO - Using provided sampler, shuffle set to False
2025-02-25 16:47:33,872 - INFO - Created DataLoader with: batch_size=1, num_workers=2, shuffle=False, sampler=provided
2025-02-25 16:55:55,514 - ERROR - Error in batch 0 on GPU 0: Detected mismatch between collectives on ranks. Rank 0 is running collective: CollectiveFingerPrint(SequenceNumber=6, OpType=ALLREDUCE, TensorShape=[3962018], TensorDtypes=Float, TensorDeviceTypes=TensorOptions(dtype=float (default), device=cuda, layout=Strided (default), requires_grad=false (default), pinned_memory=false (default), memory_format=(nullopt))), but Rank 3 is running collective: CollectiveFingerPrint(SequenceNumber=6, OpType=BROADCAST, TensorShape=[256], TensorDtypes=Float, TensorDeviceTypes=TensorOptions(dtype=float (default), device=cuda, layout=Strided (default), requires_grad=false (default), pinned_memory=false (default), memory_format=(nullopt))).Collectives differ in the following aspects:   Op type: ALLREDUCEvs BROADCAST  Tensor Tensor shapes: 3962018vs 256
2025-02-25 16:55:55,537 - ERROR - Error in batch 1 on GPU 0: !unmarked_param_indices.empty() INTERNAL ASSERT FAILED at "/pytorch/torch/csrc/distributed/c10d/reducer.cpp":1924, please report a bug to PyTorch. 
2025-02-25 16:55:55,541 - ERROR - Error in batch 2 on GPU 0: !unmarked_param_indices.empty() INTERNAL ASSERT FAILED at "/pytorch/torch/csrc/distributed/c10d/reducer.cpp":1924, please report a bug to PyTorch. 
2025-02-25 16:55:55,545 - ERROR - Error in batch 3 on GPU 0: !unmarked_param_indices.empty() INTERNAL ASSERT FAILED at "/pytorch/torch/csrc/distributed/c10d/reducer.cpp":1924, please report a bug to PyTorch. 
2025-02-25 16:55:55,549 - ERROR - Error in batch 4 on GPU 0: !unmarked_param_indices.empty() INTERNAL ASSERT FAILED at "/pytorch/torch/csrc/distributed/c10d/reducer.cpp":1924, please report a bug to PyTorch. 
2025-02-25 16:55:56,682 - ERROR - Error in batch 5 on GPU 0: !unmarked_param_indices.empty() INTERNAL ASSERT FAILED at "/pytorch/torch/csrc/distributed/c10d/reducer.cpp":1924, please report a bug to PyTorch. 
2025-02-25 16:55:56,689 - ERROR - Error in batch 6 on GPU 0: !unmarked_param_indices.empty() INTERNAL ASSERT FAILED at "/pytorch/torch/csrc/distributed/c10d/reducer.cpp":1924, please report a bug to PyTorch. 
2025-02-25 16:55:56,727 - ERROR - Error in batch 7 on GPU 0: !unmarked_param_indices.empty() INTERNAL ASSERT FAILED at "/pytorch/torch/csrc/distributed/c10d/reducer.cpp":1924, please report a bug to PyTorch. 
2025-02-25 16:55:56,731 - ERROR - Error in batch 8 on GPU 0: !unmarked_param_indices.empty() INTERNAL ASSERT FAILED at "/pytorch/torch/csrc/distributed/c10d/reducer.cpp":1924, please report a bug to PyTorch. 
2025-02-25 16:55:56,751 - ERROR - Error in batch 9 on GPU 0: !unmarked_param_indices.empty() INTERNAL ASSERT FAILED at "/pytorch/torch/csrc/distributed/c10d/reducer.cpp":1924, please report a bug to PyTorch. 
2025-02-25 16:55:56,829 - ERROR - Error in batch 10 on GPU 0: !unmarked_param_indices.empty() INTERNAL ASSERT FAILED at "/pytorch/torch/csrc/distributed/c10d/reducer.cpp":1924, please report a bug to PyTorch. 
2025-02-25 16:55:57,011 - ERROR - Error in batch 11 on GPU 0: !unmarked_param_indices.empty() INTERNAL ASSERT FAILED at "/pytorch/torch/csrc/distributed/c10d/reducer.cpp":1924, please report a bug to PyTorch. 
2025-02-25 16:55:57,035 - ERROR - Error in batch 12 on GPU 0: !unmarked_param_indices.empty() INTERNAL ASSERT FAILED at "/pytorch/torch/csrc/distributed/c10d/reducer.cpp":1924, please report a bug to PyTorch. 
2025-02-25 16:55:57,073 - ERROR - Error in batch 13 on GPU 0: !unmarked_param_indices.empty() INTERNAL ASSERT FAILED at "/pytorch/torch/csrc/distributed/c10d/reducer.cpp":1924, please report a bug to PyTorch. 
2025-02-25 16:55:57,168 - ERROR - Error in batch 14 on GPU 0: !unmarked_param_indices.empty() INTERNAL ASSERT FAILED at "/pytorch/torch/csrc/distributed/c10d/reducer.cpp":1924, please report a bug to PyTorch. 
2025-02-25 16:55:57,172 - ERROR - Error in batch 15 on GPU 0: !unmarked_param_indices.empty() INTERNAL ASSERT FAILED at "/pytorch/torch/csrc/distributed/c10d/reducer.cpp":1924, please report a bug to PyTorch. 
2025-02-25 16:55:57,174 - ERROR - Error in batch 16 on GPU 0: !unmarked_param_indices.empty() INTERNAL ASSERT FAILED at "/pytorch/torch/csrc/distributed/c10d/reducer.cpp":1924, please report a bug to PyTorch. 
2025-02-25 16:55:57,366 - ERROR - Error in batch 17 on GPU 0: !unmarked_param_indices.empty() INTERNAL ASSERT FAILED at "/pytorch/torch/csrc/distributed/c10d/reducer.cpp":1924, please report a bug to PyTorch. 
2025-02-25 16:55:57,369 - ERROR - Error in batch 18 on GPU 0: !unmarked_param_indices.empty() INTERNAL ASSERT FAILED at "/pytorch/torch/csrc/distributed/c10d/reducer.cpp":1924, please report a bug to PyTorch. 
2025-02-25 16:55:57,393 - ERROR - Error in batch 19 on GPU 0: !unmarked_param_indices.empty() INTERNAL ASSERT FAILED at "/pytorch/torch/csrc/distributed/c10d/reducer.cpp":1924, please report a bug to PyTorch. 
2025-02-25 16:55:57,396 - ERROR - Error in batch 20 on GPU 0: !unmarked_param_indices.empty() INTERNAL ASSERT FAILED at "/pytorch/torch/csrc/distributed/c10d/reducer.cpp":1924, please report a bug to PyTorch. 
2025-02-25 16:55:57,412 - ERROR - Error in batch 21 on GPU 0: !unmarked_param_indices.empty() INTERNAL ASSERT FAILED at "/pytorch/torch/csrc/distributed/c10d/reducer.cpp":1924, please report a bug to PyTorch. 
2025-02-25 16:55:58,319 - ERROR - Error in batch 22 on GPU 0: !unmarked_param_indices.empty() INTERNAL ASSERT FAILED at "/pytorch/torch/csrc/distributed/c10d/reducer.cpp":1924, please report a bug to PyTorch. 
2025-02-25 16:56:14,633 - ERROR - Error in batch 23 on GPU 0: !unmarked_param_indices.empty() INTERNAL ASSERT FAILED at "/pytorch/torch/csrc/distributed/c10d/reducer.cpp":1924, please report a bug to PyTorch. 
2025-02-25 16:56:14,638 - ERROR - Error in batch 24 on GPU 0: !unmarked_param_indices.empty() INTERNAL ASSERT FAILED at "/pytorch/torch/csrc/distributed/c10d/reducer.cpp":1924, please report a bug to PyTorch. 
2025-02-25 16:56:14,642 - ERROR - Error in batch 25 on GPU 0: !unmarked_param_indices.empty() INTERNAL ASSERT FAILED at "/pytorch/torch/csrc/distributed/c10d/reducer.cpp":1924, please report a bug to PyTorch. 
2025-02-25 16:56:14,646 - ERROR - Error in batch 26 on GPU 0: !unmarked_param_indices.empty() INTERNAL ASSERT FAILED at "/pytorch/torch/csrc/distributed/c10d/reducer.cpp":1924, please report a bug to PyTorch. 
2025-02-25 16:56:14,655 - ERROR - Error in batch 27 on GPU 0: !unmarked_param_indices.empty() INTERNAL ASSERT FAILED at "/pytorch/torch/csrc/distributed/c10d/reducer.cpp":1924, please report a bug to PyTorch. 
2025-02-25 16:56:15,026 - ERROR - Error in batch 28 on GPU 0: !unmarked_param_indices.empty() INTERNAL ASSERT FAILED at "/pytorch/torch/csrc/distributed/c10d/reducer.cpp":1924, please report a bug to PyTorch. 
2025-02-25 16:56:15,032 - ERROR - Error in batch 29 on GPU 0: !unmarked_param_indices.empty() INTERNAL ASSERT FAILED at "/pytorch/torch/csrc/distributed/c10d/reducer.cpp":1924, please report a bug to PyTorch. 
2025-02-25 16:56:15,037 - ERROR - Error in batch 30 on GPU 0: !unmarked_param_indices.empty() INTERNAL ASSERT FAILED at "/pytorch/torch/csrc/distributed/c10d/reducer.cpp":1924, please report a bug to PyTorch. 
2025-02-25 16:56:18,465 - ERROR - Error in batch 31 on GPU 0: !unmarked_param_indices.empty() INTERNAL ASSERT FAILED at "/pytorch/torch/csrc/distributed/c10d/reducer.cpp":1924, please report a bug to PyTorch. 
2025-02-25 16:56:18,469 - ERROR - Error in batch 32 on GPU 0: !unmarked_param_indices.empty() INTERNAL ASSERT FAILED at "/pytorch/torch/csrc/distributed/c10d/reducer.cpp":1924, please report a bug to PyTorch. 
2025-02-25 16:56:18,478 - ERROR - Error in batch 33 on GPU 0: !unmarked_param_indices.empty() INTERNAL ASSERT FAILED at "/pytorch/torch/csrc/distributed/c10d/reducer.cpp":1924, please report a bug to PyTorch. 
2025-02-25 16:56:18,482 - ERROR - Error in batch 34 on GPU 0: !unmarked_param_indices.empty() INTERNAL ASSERT FAILED at "/pytorch/torch/csrc/distributed/c10d/reducer.cpp":1924, please report a bug to PyTorch. 
2025-02-25 16:56:18,495 - ERROR - Error in batch 35 on GPU 0: !unmarked_param_indices.empty() INTERNAL ASSERT FAILED at "/pytorch/torch/csrc/distributed/c10d/reducer.cpp":1924, please report a bug to PyTorch. 
2025-02-25 16:56:18,519 - ERROR - Error in batch 36 on GPU 0: !unmarked_param_indices.empty() INTERNAL ASSERT FAILED at "/pytorch/torch/csrc/distributed/c10d/reducer.cpp":1924, please report a bug to PyTorch. 
2025-02-25 16:56:18,532 - ERROR - Error in batch 37 on GPU 0: !unmarked_param_indices.empty() INTERNAL ASSERT FAILED at "/pytorch/torch/csrc/distributed/c10d/reducer.cpp":1924, please report a bug to PyTorch. 
2025-02-25 16:56:18,607 - ERROR - Error in batch 38 on GPU 0: !unmarked_param_indices.empty() INTERNAL ASSERT FAILED at "/pytorch/torch/csrc/distributed/c10d/reducer.cpp":1924, please report a bug to PyTorch. 
2025-02-25 16:56:18,610 - ERROR - Error in batch 39 on GPU 0: !unmarked_param_indices.empty() INTERNAL ASSERT FAILED at "/pytorch/torch/csrc/distributed/c10d/reducer.cpp":1924, please report a bug to PyTorch. 
2025-02-25 16:56:18,640 - ERROR - Error in batch 40 on GPU 0: !unmarked_param_indices.empty() INTERNAL ASSERT FAILED at "/pytorch/torch/csrc/distributed/c10d/reducer.cpp":1924, please report a bug to PyTorch. 
2025-02-25 16:56:18,643 - ERROR - Error in batch 41 on GPU 0: !unmarked_param_indices.empty() INTERNAL ASSERT FAILED at "/pytorch/torch/csrc/distributed/c10d/reducer.cpp":1924, please report a bug to PyTorch. 
2025-02-25 16:56:18,663 - ERROR - Error in batch 42 on GPU 0: !unmarked_param_indices.empty() INTERNAL ASSERT FAILED at "/pytorch/torch/csrc/distributed/c10d/reducer.cpp":1924, please report a bug to PyTorch. 
2025-02-25 16:56:18,666 - ERROR - Error in batch 43 on GPU 0: !unmarked_param_indices.empty() INTERNAL ASSERT FAILED at "/pytorch/torch/csrc/distributed/c10d/reducer.cpp":1924, please report a bug to PyTorch. 
2025-02-25 16:56:18,762 - ERROR - Error in batch 44 on GPU 0: !unmarked_param_indices.empty() INTERNAL ASSERT FAILED at "/pytorch/torch/csrc/distributed/c10d/reducer.cpp":1924, please report a bug to PyTorch. 
2025-02-25 16:56:18,766 - ERROR - Error in batch 45 on GPU 0: !unmarked_param_indices.empty() INTERNAL ASSERT FAILED at "/pytorch/torch/csrc/distributed/c10d/reducer.cpp":1924, please report a bug to PyTorch. 
2025-02-25 16:56:18,806 - ERROR - Error in batch 46 on GPU 0: !unmarked_param_indices.empty() INTERNAL ASSERT FAILED at "/pytorch/torch/csrc/distributed/c10d/reducer.cpp":1924, please report a bug to PyTorch. 
2025-02-25 16:56:18,810 - ERROR - Error in batch 47 on GPU 0: !unmarked_param_indices.empty() INTERNAL ASSERT FAILED at "/pytorch/torch/csrc/distributed/c10d/reducer.cpp":1924, please report a bug to PyTorch. 
2025-02-25 16:56:18,825 - ERROR - Error in batch 48 on GPU 0: !unmarked_param_indices.empty() INTERNAL ASSERT FAILED at "/pytorch/torch/csrc/distributed/c10d/reducer.cpp":1924, please report a bug to PyTorch. 
2025-02-25 16:56:18,971 - ERROR - Error in batch 49 on GPU 0: !unmarked_param_indices.empty() INTERNAL ASSERT FAILED at "/pytorch/torch/csrc/distributed/c10d/reducer.cpp":1924, please report a bug to PyTorch. 
2025-02-25 16:56:18,975 - ERROR - Error in batch 50 on GPU 0: !unmarked_param_indices.empty() INTERNAL ASSERT FAILED at "/pytorch/torch/csrc/distributed/c10d/reducer.cpp":1924, please report a bug to PyTorch. 
2025-02-25 16:56:18,986 - ERROR - Error in batch 51 on GPU 0: !unmarked_param_indices.empty() INTERNAL ASSERT FAILED at "/pytorch/torch/csrc/distributed/c10d/reducer.cpp":1924, please report a bug to PyTorch. 
2025-02-25 16:56:19,000 - ERROR - Error in batch 52 on GPU 0: !unmarked_param_indices.empty() INTERNAL ASSERT FAILED at "/pytorch/torch/csrc/distributed/c10d/reducer.cpp":1924, please report a bug to PyTorch. 
2025-02-25 16:56:19,099 - ERROR - Error in batch 53 on GPU 0: !unmarked_param_indices.empty() INTERNAL ASSERT FAILED at "/pytorch/torch/csrc/distributed/c10d/reducer.cpp":1924, please report a bug to PyTorch. 
2025-02-25 16:56:19,103 - ERROR - Error in batch 54 on GPU 0: !unmarked_param_indices.empty() INTERNAL ASSERT FAILED at "/pytorch/torch/csrc/distributed/c10d/reducer.cpp":1924, please report a bug to PyTorch. 
2025-02-25 16:56:19,109 - ERROR - Error in batch 55 on GPU 0: !unmarked_param_indices.empty() INTERNAL ASSERT FAILED at "/pytorch/torch/csrc/distributed/c10d/reducer.cpp":1924, please report a bug to PyTorch. 
2025-02-25 16:56:19,111 - ERROR - Error in batch 56 on GPU 0: !unmarked_param_indices.empty() INTERNAL ASSERT FAILED at "/pytorch/torch/csrc/distributed/c10d/reducer.cpp":1924, please report a bug to PyTorch. 
2025-02-25 16:56:19,127 - ERROR - Error in batch 57 on GPU 0: !unmarked_param_indices.empty() INTERNAL ASSERT FAILED at "/pytorch/torch/csrc/distributed/c10d/reducer.cpp":1924, please report a bug to PyTorch. 
2025-02-25 16:56:19,231 - ERROR - Error in batch 58 on GPU 0: !unmarked_param_indices.empty() INTERNAL ASSERT FAILED at "/pytorch/torch/csrc/distributed/c10d/reducer.cpp":1924, please report a bug to PyTorch. 
2025-02-25 16:56:19,232 - ERROR - Error in batch 59 on GPU 0: !unmarked_param_indices.empty() INTERNAL ASSERT FAILED at "/pytorch/torch/csrc/distributed/c10d/reducer.cpp":1924, please report a bug to PyTorch. 
2025-02-25 16:56:19,238 - ERROR - Error in batch 60 on GPU 0: !unmarked_param_indices.empty() INTERNAL ASSERT FAILED at "/pytorch/torch/csrc/distributed/c10d/reducer.cpp":1924, please report a bug to PyTorch. 
2025-02-25 16:56:19,463 - ERROR - Error in batch 61 on GPU 0: !unmarked_param_indices.empty() INTERNAL ASSERT FAILED at "/pytorch/torch/csrc/distributed/c10d/reducer.cpp":1924, please report a bug to PyTorch. 
2025-02-25 16:56:19,464 - ERROR - Error in batch 62 on GPU 0: !unmarked_param_indices.empty() INTERNAL ASSERT FAILED at "/pytorch/torch/csrc/distributed/c10d/reducer.cpp":1924, please report a bug to PyTorch. 
2025-02-25 16:56:19,512 - ERROR - Error in batch 63 on GPU 0: !unmarked_param_indices.empty() INTERNAL ASSERT FAILED at "/pytorch/torch/csrc/distributed/c10d/reducer.cpp":1924, please report a bug to PyTorch. 
2025-02-25 16:56:19,513 - ERROR - Error in batch 64 on GPU 0: !unmarked_param_indices.empty() INTERNAL ASSERT FAILED at "/pytorch/torch/csrc/distributed/c10d/reducer.cpp":1924, please report a bug to PyTorch. 
2025-02-25 16:56:19,515 - ERROR - Error in batch 65 on GPU 0: !unmarked_param_indices.empty() INTERNAL ASSERT FAILED at "/pytorch/torch/csrc/distributed/c10d/reducer.cpp":1924, please report a bug to PyTorch. 
2025-02-25 16:56:19,550 - ERROR - Error in batch 66 on GPU 0: !unmarked_param_indices.empty() INTERNAL ASSERT FAILED at "/pytorch/torch/csrc/distributed/c10d/reducer.cpp":1924, please report a bug to PyTorch. 
2025-02-25 16:56:19,551 - ERROR - Error in batch 67 on GPU 0: !unmarked_param_indices.empty() INTERNAL ASSERT FAILED at "/pytorch/torch/csrc/distributed/c10d/reducer.cpp":1924, please report a bug to PyTorch. 
2025-02-25 16:56:19,685 - ERROR - Error in batch 68 on GPU 0: !unmarked_param_indices.empty() INTERNAL ASSERT FAILED at "/pytorch/torch/csrc/distributed/c10d/reducer.cpp":1924, please report a bug to PyTorch. 
2025-02-25 16:56:19,688 - ERROR - Error in batch 69 on GPU 0: !unmarked_param_indices.empty() INTERNAL ASSERT FAILED at "/pytorch/torch/csrc/distributed/c10d/reducer.cpp":1924, please report a bug to PyTorch. 
2025-02-25 16:56:19,796 - ERROR - Error in batch 70 on GPU 0: !unmarked_param_indices.empty() INTERNAL ASSERT FAILED at "/pytorch/torch/csrc/distributed/c10d/reducer.cpp":1924, please report a bug to PyTorch. 
2025-02-25 16:56:19,798 - ERROR - Error in batch 71 on GPU 0: !unmarked_param_indices.empty() INTERNAL ASSERT FAILED at "/pytorch/torch/csrc/distributed/c10d/reducer.cpp":1924, please report a bug to PyTorch. 
2025-02-25 16:56:19,963 - ERROR - Error in batch 72 on GPU 0: !unmarked_param_indices.empty() INTERNAL ASSERT FAILED at "/pytorch/torch/csrc/distributed/c10d/reducer.cpp":1924, please report a bug to PyTorch. 
2025-02-25 16:56:19,965 - ERROR - Error in batch 73 on GPU 0: !unmarked_param_indices.empty() INTERNAL ASSERT FAILED at "/pytorch/torch/csrc/distributed/c10d/reducer.cpp":1924, please report a bug to PyTorch. 
2025-02-25 16:56:22,624 - ERROR - Error in batch 74 on GPU 0: !unmarked_param_indices.empty() INTERNAL ASSERT FAILED at "/pytorch/torch/csrc/distributed/c10d/reducer.cpp":1924, please report a bug to PyTorch. 
2025-02-25 16:56:22,626 - ERROR - Error in batch 75 on GPU 0: !unmarked_param_indices.empty() INTERNAL ASSERT FAILED at "/pytorch/torch/csrc/distributed/c10d/reducer.cpp":1924, please report a bug to PyTorch. 
2025-02-25 16:56:22,688 - ERROR - Error in batch 76 on GPU 0: !unmarked_param_indices.empty() INTERNAL ASSERT FAILED at "/pytorch/torch/csrc/distributed/c10d/reducer.cpp":1924, please report a bug to PyTorch. 
2025-02-25 16:56:22,690 - ERROR - Error in batch 77 on GPU 0: !unmarked_param_indices.empty() INTERNAL ASSERT FAILED at "/pytorch/torch/csrc/distributed/c10d/reducer.cpp":1924, please report a bug to PyTorch. 
2025-02-25 16:56:22,701 - ERROR - Error in batch 78 on GPU 0: !unmarked_param_indices.empty() INTERNAL ASSERT FAILED at "/pytorch/torch/csrc/distributed/c10d/reducer.cpp":1924, please report a bug to PyTorch. 
2025-02-25 16:56:23,216 - ERROR - Error in batch 79 on GPU 0: !unmarked_param_indices.empty() INTERNAL ASSERT FAILED at "/pytorch/torch/csrc/distributed/c10d/reducer.cpp":1924, please report a bug to PyTorch. 
2025-02-25 16:56:23,218 - ERROR - Error in batch 80 on GPU 0: !unmarked_param_indices.empty() INTERNAL ASSERT FAILED at "/pytorch/torch/csrc/distributed/c10d/reducer.cpp":1924, please report a bug to PyTorch. 
2025-02-25 16:56:23,558 - ERROR - Error in batch 81 on GPU 0: !unmarked_param_indices.empty() INTERNAL ASSERT FAILED at "/pytorch/torch/csrc/distributed/c10d/reducer.cpp":1924, please report a bug to PyTorch. 
2025-02-25 16:56:23,560 - ERROR - Error in batch 82 on GPU 0: !unmarked_param_indices.empty() INTERNAL ASSERT FAILED at "/pytorch/torch/csrc/distributed/c10d/reducer.cpp":1924, please report a bug to PyTorch. 
2025-02-25 16:56:23,568 - ERROR - Error in batch 83 on GPU 0: !unmarked_param_indices.empty() INTERNAL ASSERT FAILED at "/pytorch/torch/csrc/distributed/c10d/reducer.cpp":1924, please report a bug to PyTorch. 
2025-02-25 16:56:23,570 - ERROR - Error in batch 84 on GPU 0: !unmarked_param_indices.empty() INTERNAL ASSERT FAILED at "/pytorch/torch/csrc/distributed/c10d/reducer.cpp":1924, please report a bug to PyTorch. 
2025-02-25 16:56:23,597 - ERROR - Error in batch 85 on GPU 0: !unmarked_param_indices.empty() INTERNAL ASSERT FAILED at "/pytorch/torch/csrc/distributed/c10d/reducer.cpp":1924, please report a bug to PyTorch. 
2025-02-25 16:56:24,110 - ERROR - Error in batch 86 on GPU 0: !unmarked_param_indices.empty() INTERNAL ASSERT FAILED at "/pytorch/torch/csrc/distributed/c10d/reducer.cpp":1924, please report a bug to PyTorch. 
2025-02-25 16:56:24,112 - ERROR - Error in batch 87 on GPU 0: !unmarked_param_indices.empty() INTERNAL ASSERT FAILED at "/pytorch/torch/csrc/distributed/c10d/reducer.cpp":1924, please report a bug to PyTorch. 
2025-02-25 16:56:24,160 - ERROR - Error in batch 88 on GPU 0: !unmarked_param_indices.empty() INTERNAL ASSERT FAILED at "/pytorch/torch/csrc/distributed/c10d/reducer.cpp":1924, please report a bug to PyTorch. 
2025-02-25 16:56:24,161 - ERROR - Error in batch 89 on GPU 0: !unmarked_param_indices.empty() INTERNAL ASSERT FAILED at "/pytorch/torch/csrc/distributed/c10d/reducer.cpp":1924, please report a bug to PyTorch. 
2025-02-25 16:56:24,206 - ERROR - Error in batch 90 on GPU 0: !unmarked_param_indices.empty() INTERNAL ASSERT FAILED at "/pytorch/torch/csrc/distributed/c10d/reducer.cpp":1924, please report a bug to PyTorch. 
2025-02-25 16:56:24,207 - ERROR - Error in batch 91 on GPU 0: !unmarked_param_indices.empty() INTERNAL ASSERT FAILED at "/pytorch/torch/csrc/distributed/c10d/reducer.cpp":1924, please report a bug to PyTorch. 
2025-02-25 16:56:24,265 - ERROR - Error in batch 92 on GPU 0: !unmarked_param_indices.empty() INTERNAL ASSERT FAILED at "/pytorch/torch/csrc/distributed/c10d/reducer.cpp":1924, please report a bug to PyTorch. 
2025-02-25 16:56:24,267 - ERROR - Error in batch 93 on GPU 0: !unmarked_param_indices.empty() INTERNAL ASSERT FAILED at "/pytorch/torch/csrc/distributed/c10d/reducer.cpp":1924, please report a bug to PyTorch. 
2025-02-25 16:56:24,297 - ERROR - Error in batch 94 on GPU 0: !unmarked_param_indices.empty() INTERNAL ASSERT FAILED at "/pytorch/torch/csrc/distributed/c10d/reducer.cpp":1924, please report a bug to PyTorch. 
2025-02-25 16:56:24,368 - ERROR - Error in batch 95 on GPU 0: !unmarked_param_indices.empty() INTERNAL ASSERT FAILED at "/pytorch/torch/csrc/distributed/c10d/reducer.cpp":1924, please report a bug to PyTorch. 
2025-02-25 16:56:24,370 - ERROR - Error in batch 96 on GPU 0: !unmarked_param_indices.empty() INTERNAL ASSERT FAILED at "/pytorch/torch/csrc/distributed/c10d/reducer.cpp":1924, please report a bug to PyTorch. 
2025-02-25 16:56:24,378 - ERROR - Error in batch 97 on GPU 0: !unmarked_param_indices.empty() INTERNAL ASSERT FAILED at "/pytorch/torch/csrc/distributed/c10d/reducer.cpp":1924, please report a bug to PyTorch. 
2025-02-25 16:56:24,432 - ERROR - Error in batch 98 on GPU 0: !unmarked_param_indices.empty() INTERNAL ASSERT FAILED at "/pytorch/torch/csrc/distributed/c10d/reducer.cpp":1924, please report a bug to PyTorch. 
2025-02-25 16:56:24,434 - ERROR - Error in batch 99 on GPU 0: !unmarked_param_indices.empty() INTERNAL ASSERT FAILED at "/pytorch/torch/csrc/distributed/c10d/reducer.cpp":1924, please report a bug to PyTorch. 
2025-02-25 16:56:24,461 - ERROR - Error in batch 100 on GPU 0: !unmarked_param_indices.empty() INTERNAL ASSERT FAILED at "/pytorch/torch/csrc/distributed/c10d/reducer.cpp":1924, please report a bug to PyTorch. 
2025-02-25 16:56:24,462 - ERROR - Error in batch 101 on GPU 0: !unmarked_param_indices.empty() INTERNAL ASSERT FAILED at "/pytorch/torch/csrc/distributed/c10d/reducer.cpp":1924, please report a bug to PyTorch. 
2025-02-25 16:56:24,464 - ERROR - Error in batch 102 on GPU 0: !unmarked_param_indices.empty() INTERNAL ASSERT FAILED at "/pytorch/torch/csrc/distributed/c10d/reducer.cpp":1924, please report a bug to PyTorch. 
2025-02-25 16:56:24,875 - ERROR - Error in batch 103 on GPU 0: !unmarked_param_indices.empty() INTERNAL ASSERT FAILED at "/pytorch/torch/csrc/distributed/c10d/reducer.cpp":1924, please report a bug to PyTorch. 
2025-02-25 16:56:24,876 - ERROR - Error in batch 104 on GPU 0: !unmarked_param_indices.empty() INTERNAL ASSERT FAILED at "/pytorch/torch/csrc/distributed/c10d/reducer.cpp":1924, please report a bug to PyTorch. 
2025-02-25 16:56:24,905 - ERROR - Error in batch 105 on GPU 0: !unmarked_param_indices.empty() INTERNAL ASSERT FAILED at "/pytorch/torch/csrc/distributed/c10d/reducer.cpp":1924, please report a bug to PyTorch. 
2025-02-25 16:56:24,907 - ERROR - Error in batch 106 on GPU 0: !unmarked_param_indices.empty() INTERNAL ASSERT FAILED at "/pytorch/torch/csrc/distributed/c10d/reducer.cpp":1924, please report a bug to PyTorch. 
2025-02-25 16:56:24,915 - ERROR - Error in batch 107 on GPU 0: !unmarked_param_indices.empty() INTERNAL ASSERT FAILED at "/pytorch/torch/csrc/distributed/c10d/reducer.cpp":1924, please report a bug to PyTorch. 
2025-02-25 16:56:24,916 - ERROR - Error in batch 108 on GPU 0: !unmarked_param_indices.empty() INTERNAL ASSERT FAILED at "/pytorch/torch/csrc/distributed/c10d/reducer.cpp":1924, please report a bug to PyTorch. 
2025-02-25 16:56:24,991 - ERROR - Error in batch 109 on GPU 0: !unmarked_param_indices.empty() INTERNAL ASSERT FAILED at "/pytorch/torch/csrc/distributed/c10d/reducer.cpp":1924, please report a bug to PyTorch. 
2025-02-25 16:56:24,995 - ERROR - Error in batch 110 on GPU 0: !unmarked_param_indices.empty() INTERNAL ASSERT FAILED at "/pytorch/torch/csrc/distributed/c10d/reducer.cpp":1924, please report a bug to PyTorch. 
2025-02-25 16:56:25,218 - ERROR - Error in batch 111 on GPU 0: !unmarked_param_indices.empty() INTERNAL ASSERT FAILED at "/pytorch/torch/csrc/distributed/c10d/reducer.cpp":1924, please report a bug to PyTorch. 
2025-02-25 16:56:25,219 - ERROR - Error in batch 112 on GPU 0: !unmarked_param_indices.empty() INTERNAL ASSERT FAILED at "/pytorch/torch/csrc/distributed/c10d/reducer.cpp":1924, please report a bug to PyTorch. 
2025-02-25 16:56:25,224 - ERROR - Error in batch 113 on GPU 0: !unmarked_param_indices.empty() INTERNAL ASSERT FAILED at "/pytorch/torch/csrc/distributed/c10d/reducer.cpp":1924, please report a bug to PyTorch. 
2025-02-25 16:56:25,225 - ERROR - Error in batch 114 on GPU 0: !unmarked_param_indices.empty() INTERNAL ASSERT FAILED at "/pytorch/torch/csrc/distributed/c10d/reducer.cpp":1924, please report a bug to PyTorch. 
2025-02-25 16:56:25,244 - ERROR - Error in batch 115 on GPU 0: !unmarked_param_indices.empty() INTERNAL ASSERT FAILED at "/pytorch/torch/csrc/distributed/c10d/reducer.cpp":1924, please report a bug to PyTorch. 
2025-02-25 16:56:25,526 - ERROR - Error in batch 116 on GPU 0: !unmarked_param_indices.empty() INTERNAL ASSERT FAILED at "/pytorch/torch/csrc/distributed/c10d/reducer.cpp":1924, please report a bug to PyTorch. 
2025-02-25 16:56:25,527 - ERROR - Error in batch 117 on GPU 0: !unmarked_param_indices.empty() INTERNAL ASSERT FAILED at "/pytorch/torch/csrc/distributed/c10d/reducer.cpp":1924, please report a bug to PyTorch. 
2025-02-25 16:56:25,535 - ERROR - Error in batch 118 on GPU 0: !unmarked_param_indices.empty() INTERNAL ASSERT FAILED at "/pytorch/torch/csrc/distributed/c10d/reducer.cpp":1924, please report a bug to PyTorch. 
2025-02-25 16:56:25,536 - ERROR - Error in batch 119 on GPU 0: !unmarked_param_indices.empty() INTERNAL ASSERT FAILED at "/pytorch/torch/csrc/distributed/c10d/reducer.cpp":1924, please report a bug to PyTorch. 
2025-02-25 16:56:25,540 - ERROR - Error in process 0: Detected mismatch between collectives on ranks. Rank 0 is running collective: CollectiveFingerPrint(SequenceNumber=6OpType=BARRIER), but Rank 3 is running collective: CollectiveFingerPrint(SequenceNumber=0OpType=GATHER).Collectives differ in the following aspects: 	 Sequence number: 6vs 0  Op type: BARRIERvs GATHER
