2025-03-17 19:55:50,841 - INFO - Initialized wandb run: tablesense-20250317-195549
2025-03-17 19:55:50,842 - INFO - Process 0/2 starting training
2025-03-17 19:55:53,642 - INFO - Using provided sampler, shuffle set to False
2025-03-17 19:55:53,642 - INFO - Created DataLoader with: batch_size=1, num_workers=4, shuffle=False, sampler=provided
2025-03-17 23:26:51,630 - ERROR - Error in batch 23 on GPU 0: [Rank 0]: Ranks 1 failed to pass monitoredBarrier in 7200000 ms
2025-03-17 23:26:51,703 - ERROR - Error in batch 24 on GPU 0: !unmarked_param_indices.empty() INTERNAL ASSERT FAILED at "/pytorch/torch/csrc/distributed/c10d/reducer.cpp":1924, please report a bug to PyTorch. 
2025-03-17 23:26:51,713 - ERROR - Error in batch 25 on GPU 0: !unmarked_param_indices.empty() INTERNAL ASSERT FAILED at "/pytorch/torch/csrc/distributed/c10d/reducer.cpp":1924, please report a bug to PyTorch. 
2025-03-17 23:26:51,719 - ERROR - Error in batch 26 on GPU 0: !unmarked_param_indices.empty() INTERNAL ASSERT FAILED at "/pytorch/torch/csrc/distributed/c10d/reducer.cpp":1924, please report a bug to PyTorch. 
2025-03-17 23:26:51,729 - ERROR - Error in batch 27 on GPU 0: !unmarked_param_indices.empty() INTERNAL ASSERT FAILED at "/pytorch/torch/csrc/distributed/c10d/reducer.cpp":1924, please report a bug to PyTorch. 
2025-03-17 23:26:51,733 - ERROR - Error in batch 28 on GPU 0: !unmarked_param_indices.empty() INTERNAL ASSERT FAILED at "/pytorch/torch/csrc/distributed/c10d/reducer.cpp":1924, please report a bug to PyTorch. 
2025-03-17 23:26:51,738 - ERROR - Error in batch 29 on GPU 0: !unmarked_param_indices.empty() INTERNAL ASSERT FAILED at "/pytorch/torch/csrc/distributed/c10d/reducer.cpp":1924, please report a bug to PyTorch. 
2025-03-17 23:26:51,744 - ERROR - Error in batch 30 on GPU 0: !unmarked_param_indices.empty() INTERNAL ASSERT FAILED at "/pytorch/torch/csrc/distributed/c10d/reducer.cpp":1924, please report a bug to PyTorch. 
2025-03-17 23:26:51,749 - ERROR - Error in batch 31 on GPU 0: !unmarked_param_indices.empty() INTERNAL ASSERT FAILED at "/pytorch/torch/csrc/distributed/c10d/reducer.cpp":1924, please report a bug to PyTorch. 
2025-03-17 23:26:51,756 - ERROR - Error in batch 32 on GPU 0: !unmarked_param_indices.empty() INTERNAL ASSERT FAILED at "/pytorch/torch/csrc/distributed/c10d/reducer.cpp":1924, please report a bug to PyTorch. 
2025-03-17 23:26:52,423 - ERROR - Error in batch 33 on GPU 0: !unmarked_param_indices.empty() INTERNAL ASSERT FAILED at "/pytorch/torch/csrc/distributed/c10d/reducer.cpp":1924, please report a bug to PyTorch. 
2025-03-17 23:26:52,427 - ERROR - Error in batch 34 on GPU 0: !unmarked_param_indices.empty() INTERNAL ASSERT FAILED at "/pytorch/torch/csrc/distributed/c10d/reducer.cpp":1924, please report a bug to PyTorch. 
2025-03-17 23:26:52,431 - ERROR - Error in batch 35 on GPU 0: !unmarked_param_indices.empty() INTERNAL ASSERT FAILED at "/pytorch/torch/csrc/distributed/c10d/reducer.cpp":1924, please report a bug to PyTorch. 
2025-03-17 23:26:52,436 - ERROR - Error in batch 36 on GPU 0: !unmarked_param_indices.empty() INTERNAL ASSERT FAILED at "/pytorch/torch/csrc/distributed/c10d/reducer.cpp":1924, please report a bug to PyTorch. 
2025-03-17 23:26:52,873 - ERROR - Error in batch 37 on GPU 0: !unmarked_param_indices.empty() INTERNAL ASSERT FAILED at "/pytorch/torch/csrc/distributed/c10d/reducer.cpp":1924, please report a bug to PyTorch. 
2025-03-17 23:26:52,882 - ERROR - Error in batch 38 on GPU 0: !unmarked_param_indices.empty() INTERNAL ASSERT FAILED at "/pytorch/torch/csrc/distributed/c10d/reducer.cpp":1924, please report a bug to PyTorch. 
2025-03-17 23:26:52,892 - ERROR - Error in batch 39 on GPU 0: !unmarked_param_indices.empty() INTERNAL ASSERT FAILED at "/pytorch/torch/csrc/distributed/c10d/reducer.cpp":1924, please report a bug to PyTorch. 
2025-03-17 23:26:52,899 - ERROR - Error in batch 40 on GPU 0: !unmarked_param_indices.empty() INTERNAL ASSERT FAILED at "/pytorch/torch/csrc/distributed/c10d/reducer.cpp":1924, please report a bug to PyTorch. 
2025-03-17 23:26:52,941 - ERROR - Error in batch 41 on GPU 0: !unmarked_param_indices.empty() INTERNAL ASSERT FAILED at "/pytorch/torch/csrc/distributed/c10d/reducer.cpp":1924, please report a bug to PyTorch. 
2025-03-17 23:26:52,950 - ERROR - Error in batch 42 on GPU 0: !unmarked_param_indices.empty() INTERNAL ASSERT FAILED at "/pytorch/torch/csrc/distributed/c10d/reducer.cpp":1924, please report a bug to PyTorch. 
2025-03-17 23:26:52,955 - ERROR - Error in batch 43 on GPU 0: !unmarked_param_indices.empty() INTERNAL ASSERT FAILED at "/pytorch/torch/csrc/distributed/c10d/reducer.cpp":1924, please report a bug to PyTorch. 
2025-03-17 23:26:52,959 - ERROR - Error in batch 44 on GPU 0: !unmarked_param_indices.empty() INTERNAL ASSERT FAILED at "/pytorch/torch/csrc/distributed/c10d/reducer.cpp":1924, please report a bug to PyTorch. 
2025-03-17 23:26:53,177 - ERROR - Error in batch 45 on GPU 0: !unmarked_param_indices.empty() INTERNAL ASSERT FAILED at "/pytorch/torch/csrc/distributed/c10d/reducer.cpp":1924, please report a bug to PyTorch. 
2025-03-17 23:26:53,190 - ERROR - Error in batch 46 on GPU 0: !unmarked_param_indices.empty() INTERNAL ASSERT FAILED at "/pytorch/torch/csrc/distributed/c10d/reducer.cpp":1924, please report a bug to PyTorch. 
2025-03-17 23:26:53,196 - ERROR - Error in batch 47 on GPU 0: !unmarked_param_indices.empty() INTERNAL ASSERT FAILED at "/pytorch/torch/csrc/distributed/c10d/reducer.cpp":1924, please report a bug to PyTorch. 
2025-03-17 23:26:53,201 - ERROR - Error in batch 48 on GPU 0: !unmarked_param_indices.empty() INTERNAL ASSERT FAILED at "/pytorch/torch/csrc/distributed/c10d/reducer.cpp":1924, please report a bug to PyTorch. 
2025-03-17 23:26:53,246 - ERROR - Error in batch 49 on GPU 0: !unmarked_param_indices.empty() INTERNAL ASSERT FAILED at "/pytorch/torch/csrc/distributed/c10d/reducer.cpp":1924, please report a bug to PyTorch. 
2025-03-17 23:26:53,247 - ERROR - Error in batch 50 on GPU 0: !unmarked_param_indices.empty() INTERNAL ASSERT FAILED at "/pytorch/torch/csrc/distributed/c10d/reducer.cpp":1924, please report a bug to PyTorch. 
2025-03-17 23:26:53,248 - ERROR - Error in batch 51 on GPU 0: !unmarked_param_indices.empty() INTERNAL ASSERT FAILED at "/pytorch/torch/csrc/distributed/c10d/reducer.cpp":1924, please report a bug to PyTorch. 
2025-03-17 23:26:53,249 - ERROR - Error in batch 52 on GPU 0: !unmarked_param_indices.empty() INTERNAL ASSERT FAILED at "/pytorch/torch/csrc/distributed/c10d/reducer.cpp":1924, please report a bug to PyTorch. 
2025-03-17 23:26:53,271 - ERROR - Error in batch 53 on GPU 0: !unmarked_param_indices.empty() INTERNAL ASSERT FAILED at "/pytorch/torch/csrc/distributed/c10d/reducer.cpp":1924, please report a bug to PyTorch. 
2025-03-17 23:26:53,271 - ERROR - Error in batch 54 on GPU 0: !unmarked_param_indices.empty() INTERNAL ASSERT FAILED at "/pytorch/torch/csrc/distributed/c10d/reducer.cpp":1924, please report a bug to PyTorch. 
2025-03-17 23:26:54,774 - ERROR - Error in batch 55 on GPU 0: !unmarked_param_indices.empty() INTERNAL ASSERT FAILED at "/pytorch/torch/csrc/distributed/c10d/reducer.cpp":1924, please report a bug to PyTorch. 
2025-03-17 23:26:54,777 - ERROR - Error in batch 56 on GPU 0: !unmarked_param_indices.empty() INTERNAL ASSERT FAILED at "/pytorch/torch/csrc/distributed/c10d/reducer.cpp":1924, please report a bug to PyTorch. 
2025-03-17 23:26:54,778 - ERROR - Error in batch 57 on GPU 0: !unmarked_param_indices.empty() INTERNAL ASSERT FAILED at "/pytorch/torch/csrc/distributed/c10d/reducer.cpp":1924, please report a bug to PyTorch. 
2025-03-17 23:26:54,780 - ERROR - Error in batch 58 on GPU 0: !unmarked_param_indices.empty() INTERNAL ASSERT FAILED at "/pytorch/torch/csrc/distributed/c10d/reducer.cpp":1924, please report a bug to PyTorch. 
2025-03-17 23:26:54,891 - ERROR - Error in batch 59 on GPU 0: !unmarked_param_indices.empty() INTERNAL ASSERT FAILED at "/pytorch/torch/csrc/distributed/c10d/reducer.cpp":1924, please report a bug to PyTorch. 
2025-03-17 23:26:54,893 - ERROR - Error in batch 60 on GPU 0: !unmarked_param_indices.empty() INTERNAL ASSERT FAILED at "/pytorch/torch/csrc/distributed/c10d/reducer.cpp":1924, please report a bug to PyTorch. 
2025-03-17 23:26:54,894 - ERROR - Error in batch 61 on GPU 0: !unmarked_param_indices.empty() INTERNAL ASSERT FAILED at "/pytorch/torch/csrc/distributed/c10d/reducer.cpp":1924, please report a bug to PyTorch. 
2025-03-17 23:26:54,895 - ERROR - Error in batch 62 on GPU 0: !unmarked_param_indices.empty() INTERNAL ASSERT FAILED at "/pytorch/torch/csrc/distributed/c10d/reducer.cpp":1924, please report a bug to PyTorch. 
2025-03-17 23:26:55,170 - ERROR - Error in batch 63 on GPU 0: !unmarked_param_indices.empty() INTERNAL ASSERT FAILED at "/pytorch/torch/csrc/distributed/c10d/reducer.cpp":1924, please report a bug to PyTorch. 
2025-03-17 23:26:55,173 - ERROR - Error in batch 64 on GPU 0: !unmarked_param_indices.empty() INTERNAL ASSERT FAILED at "/pytorch/torch/csrc/distributed/c10d/reducer.cpp":1924, please report a bug to PyTorch. 
2025-03-17 23:26:55,174 - ERROR - Error in batch 65 on GPU 0: !unmarked_param_indices.empty() INTERNAL ASSERT FAILED at "/pytorch/torch/csrc/distributed/c10d/reducer.cpp":1924, please report a bug to PyTorch. 
2025-03-17 23:26:55,176 - ERROR - Error in batch 66 on GPU 0: !unmarked_param_indices.empty() INTERNAL ASSERT FAILED at "/pytorch/torch/csrc/distributed/c10d/reducer.cpp":1924, please report a bug to PyTorch. 
2025-03-17 23:26:55,286 - ERROR - Error in batch 67 on GPU 0: !unmarked_param_indices.empty() INTERNAL ASSERT FAILED at "/pytorch/torch/csrc/distributed/c10d/reducer.cpp":1924, please report a bug to PyTorch. 
2025-03-17 23:26:55,288 - ERROR - Error in batch 68 on GPU 0: !unmarked_param_indices.empty() INTERNAL ASSERT FAILED at "/pytorch/torch/csrc/distributed/c10d/reducer.cpp":1924, please report a bug to PyTorch. 
2025-03-17 23:26:55,288 - ERROR - Error in batch 69 on GPU 0: !unmarked_param_indices.empty() INTERNAL ASSERT FAILED at "/pytorch/torch/csrc/distributed/c10d/reducer.cpp":1924, please report a bug to PyTorch. 
2025-03-17 23:26:55,289 - ERROR - Error in batch 70 on GPU 0: !unmarked_param_indices.empty() INTERNAL ASSERT FAILED at "/pytorch/torch/csrc/distributed/c10d/reducer.cpp":1924, please report a bug to PyTorch. 
2025-03-17 23:26:55,327 - ERROR - Error in batch 71 on GPU 0: !unmarked_param_indices.empty() INTERNAL ASSERT FAILED at "/pytorch/torch/csrc/distributed/c10d/reducer.cpp":1924, please report a bug to PyTorch. 
2025-03-17 23:26:55,732 - ERROR - Error in batch 72 on GPU 0: !unmarked_param_indices.empty() INTERNAL ASSERT FAILED at "/pytorch/torch/csrc/distributed/c10d/reducer.cpp":1924, please report a bug to PyTorch. 
2025-03-17 23:26:55,734 - ERROR - Error in batch 73 on GPU 0: !unmarked_param_indices.empty() INTERNAL ASSERT FAILED at "/pytorch/torch/csrc/distributed/c10d/reducer.cpp":1924, please report a bug to PyTorch. 
2025-03-17 23:26:55,735 - ERROR - Error in batch 74 on GPU 0: !unmarked_param_indices.empty() INTERNAL ASSERT FAILED at "/pytorch/torch/csrc/distributed/c10d/reducer.cpp":1924, please report a bug to PyTorch. 
2025-03-17 23:26:55,735 - ERROR - Error in batch 75 on GPU 0: !unmarked_param_indices.empty() INTERNAL ASSERT FAILED at "/pytorch/torch/csrc/distributed/c10d/reducer.cpp":1924, please report a bug to PyTorch. 
2025-03-17 23:26:55,736 - ERROR - Error in batch 76 on GPU 0: !unmarked_param_indices.empty() INTERNAL ASSERT FAILED at "/pytorch/torch/csrc/distributed/c10d/reducer.cpp":1924, please report a bug to PyTorch. 
2025-03-17 23:26:55,737 - ERROR - Error in batch 77 on GPU 0: !unmarked_param_indices.empty() INTERNAL ASSERT FAILED at "/pytorch/torch/csrc/distributed/c10d/reducer.cpp":1924, please report a bug to PyTorch. 
2025-03-17 23:26:56,047 - ERROR - Error in batch 78 on GPU 0: !unmarked_param_indices.empty() INTERNAL ASSERT FAILED at "/pytorch/torch/csrc/distributed/c10d/reducer.cpp":1924, please report a bug to PyTorch. 
2025-03-17 23:26:56,048 - ERROR - Error in batch 79 on GPU 0: !unmarked_param_indices.empty() INTERNAL ASSERT FAILED at "/pytorch/torch/csrc/distributed/c10d/reducer.cpp":1924, please report a bug to PyTorch. 
2025-03-17 23:26:56,049 - ERROR - Error in batch 80 on GPU 0: !unmarked_param_indices.empty() INTERNAL ASSERT FAILED at "/pytorch/torch/csrc/distributed/c10d/reducer.cpp":1924, please report a bug to PyTorch. 
2025-03-17 23:26:56,050 - ERROR - Error in batch 81 on GPU 0: !unmarked_param_indices.empty() INTERNAL ASSERT FAILED at "/pytorch/torch/csrc/distributed/c10d/reducer.cpp":1924, please report a bug to PyTorch. 
2025-03-17 23:26:56,098 - ERROR - Error in batch 82 on GPU 0: !unmarked_param_indices.empty() INTERNAL ASSERT FAILED at "/pytorch/torch/csrc/distributed/c10d/reducer.cpp":1924, please report a bug to PyTorch. 
2025-03-17 23:26:56,099 - ERROR - Error in batch 83 on GPU 0: !unmarked_param_indices.empty() INTERNAL ASSERT FAILED at "/pytorch/torch/csrc/distributed/c10d/reducer.cpp":1924, please report a bug to PyTorch. 
2025-03-17 23:26:56,099 - ERROR - Error in batch 84 on GPU 0: !unmarked_param_indices.empty() INTERNAL ASSERT FAILED at "/pytorch/torch/csrc/distributed/c10d/reducer.cpp":1924, please report a bug to PyTorch. 
2025-03-17 23:26:56,467 - ERROR - Error in batch 85 on GPU 0: !unmarked_param_indices.empty() INTERNAL ASSERT FAILED at "/pytorch/torch/csrc/distributed/c10d/reducer.cpp":1924, please report a bug to PyTorch. 
2025-03-17 23:26:56,469 - ERROR - Error in batch 86 on GPU 0: !unmarked_param_indices.empty() INTERNAL ASSERT FAILED at "/pytorch/torch/csrc/distributed/c10d/reducer.cpp":1924, please report a bug to PyTorch. 
2025-03-17 23:26:56,471 - ERROR - Error in batch 87 on GPU 0: !unmarked_param_indices.empty() INTERNAL ASSERT FAILED at "/pytorch/torch/csrc/distributed/c10d/reducer.cpp":1924, please report a bug to PyTorch. 
2025-03-17 23:26:56,472 - ERROR - Error in batch 88 on GPU 0: !unmarked_param_indices.empty() INTERNAL ASSERT FAILED at "/pytorch/torch/csrc/distributed/c10d/reducer.cpp":1924, please report a bug to PyTorch. 
2025-03-17 23:26:56,541 - ERROR - Error in batch 89 on GPU 0: !unmarked_param_indices.empty() INTERNAL ASSERT FAILED at "/pytorch/torch/csrc/distributed/c10d/reducer.cpp":1924, please report a bug to PyTorch. 
2025-03-17 23:26:56,542 - ERROR - Error in batch 90 on GPU 0: !unmarked_param_indices.empty() INTERNAL ASSERT FAILED at "/pytorch/torch/csrc/distributed/c10d/reducer.cpp":1924, please report a bug to PyTorch. 
2025-03-17 23:26:56,543 - ERROR - Error in batch 91 on GPU 0: !unmarked_param_indices.empty() INTERNAL ASSERT FAILED at "/pytorch/torch/csrc/distributed/c10d/reducer.cpp":1924, please report a bug to PyTorch. 
2025-03-17 23:26:56,545 - ERROR - Error in batch 92 on GPU 0: !unmarked_param_indices.empty() INTERNAL ASSERT FAILED at "/pytorch/torch/csrc/distributed/c10d/reducer.cpp":1924, please report a bug to PyTorch. 
2025-03-17 23:26:56,668 - ERROR - Error in batch 93 on GPU 0: !unmarked_param_indices.empty() INTERNAL ASSERT FAILED at "/pytorch/torch/csrc/distributed/c10d/reducer.cpp":1924, please report a bug to PyTorch. 
2025-03-17 23:26:56,670 - ERROR - Error in batch 94 on GPU 0: !unmarked_param_indices.empty() INTERNAL ASSERT FAILED at "/pytorch/torch/csrc/distributed/c10d/reducer.cpp":1924, please report a bug to PyTorch. 
2025-03-17 23:26:56,670 - ERROR - Error in batch 95 on GPU 0: !unmarked_param_indices.empty() INTERNAL ASSERT FAILED at "/pytorch/torch/csrc/distributed/c10d/reducer.cpp":1924, please report a bug to PyTorch. 
2025-03-17 23:26:56,699 - ERROR - Error in batch 96 on GPU 0: !unmarked_param_indices.empty() INTERNAL ASSERT FAILED at "/pytorch/torch/csrc/distributed/c10d/reducer.cpp":1924, please report a bug to PyTorch. 
2025-03-17 23:26:57,209 - ERROR - Error in batch 97 on GPU 0: !unmarked_param_indices.empty() INTERNAL ASSERT FAILED at "/pytorch/torch/csrc/distributed/c10d/reducer.cpp":1924, please report a bug to PyTorch. 
2025-03-17 23:26:57,212 - ERROR - Error in batch 98 on GPU 0: !unmarked_param_indices.empty() INTERNAL ASSERT FAILED at "/pytorch/torch/csrc/distributed/c10d/reducer.cpp":1924, please report a bug to PyTorch. 
2025-03-17 23:26:57,213 - ERROR - Error in batch 99 on GPU 0: !unmarked_param_indices.empty() INTERNAL ASSERT FAILED at "/pytorch/torch/csrc/distributed/c10d/reducer.cpp":1924, please report a bug to PyTorch. 
2025-03-17 23:26:57,215 - ERROR - Error in batch 100 on GPU 0: !unmarked_param_indices.empty() INTERNAL ASSERT FAILED at "/pytorch/torch/csrc/distributed/c10d/reducer.cpp":1924, please report a bug to PyTorch. 
2025-03-17 23:26:57,262 - ERROR - Error in batch 101 on GPU 0: !unmarked_param_indices.empty() INTERNAL ASSERT FAILED at "/pytorch/torch/csrc/distributed/c10d/reducer.cpp":1924, please report a bug to PyTorch. 
2025-03-17 23:26:57,264 - ERROR - Error in batch 102 on GPU 0: !unmarked_param_indices.empty() INTERNAL ASSERT FAILED at "/pytorch/torch/csrc/distributed/c10d/reducer.cpp":1924, please report a bug to PyTorch. 
2025-03-17 23:26:57,265 - ERROR - Error in batch 103 on GPU 0: !unmarked_param_indices.empty() INTERNAL ASSERT FAILED at "/pytorch/torch/csrc/distributed/c10d/reducer.cpp":1924, please report a bug to PyTorch. 
2025-03-17 23:26:57,267 - ERROR - Error in batch 104 on GPU 0: !unmarked_param_indices.empty() INTERNAL ASSERT FAILED at "/pytorch/torch/csrc/distributed/c10d/reducer.cpp":1924, please report a bug to PyTorch. 
2025-03-17 23:26:57,327 - ERROR - Error in batch 105 on GPU 0: !unmarked_param_indices.empty() INTERNAL ASSERT FAILED at "/pytorch/torch/csrc/distributed/c10d/reducer.cpp":1924, please report a bug to PyTorch. 
2025-03-17 23:26:57,330 - ERROR - Error in batch 106 on GPU 0: !unmarked_param_indices.empty() INTERNAL ASSERT FAILED at "/pytorch/torch/csrc/distributed/c10d/reducer.cpp":1924, please report a bug to PyTorch. 
2025-03-17 23:26:57,351 - ERROR - Error in batch 107 on GPU 0: !unmarked_param_indices.empty() INTERNAL ASSERT FAILED at "/pytorch/torch/csrc/distributed/c10d/reducer.cpp":1924, please report a bug to PyTorch. 
2025-03-17 23:26:57,351 - ERROR - Error in batch 108 on GPU 0: !unmarked_param_indices.empty() INTERNAL ASSERT FAILED at "/pytorch/torch/csrc/distributed/c10d/reducer.cpp":1924, please report a bug to PyTorch. 
2025-03-17 23:26:57,430 - ERROR - Error in batch 109 on GPU 0: !unmarked_param_indices.empty() INTERNAL ASSERT FAILED at "/pytorch/torch/csrc/distributed/c10d/reducer.cpp":1924, please report a bug to PyTorch. 
2025-03-17 23:26:57,431 - ERROR - Error in batch 110 on GPU 0: !unmarked_param_indices.empty() INTERNAL ASSERT FAILED at "/pytorch/torch/csrc/distributed/c10d/reducer.cpp":1924, please report a bug to PyTorch. 
2025-03-17 23:26:57,432 - ERROR - Error in batch 111 on GPU 0: !unmarked_param_indices.empty() INTERNAL ASSERT FAILED at "/pytorch/torch/csrc/distributed/c10d/reducer.cpp":1924, please report a bug to PyTorch. 
2025-03-17 23:26:57,433 - ERROR - Error in batch 112 on GPU 0: !unmarked_param_indices.empty() INTERNAL ASSERT FAILED at "/pytorch/torch/csrc/distributed/c10d/reducer.cpp":1924, please report a bug to PyTorch. 
2025-03-17 23:26:57,558 - ERROR - Error in batch 113 on GPU 0: !unmarked_param_indices.empty() INTERNAL ASSERT FAILED at "/pytorch/torch/csrc/distributed/c10d/reducer.cpp":1924, please report a bug to PyTorch. 
2025-03-17 23:26:57,685 - ERROR - Error in batch 114 on GPU 0: !unmarked_param_indices.empty() INTERNAL ASSERT FAILED at "/pytorch/torch/csrc/distributed/c10d/reducer.cpp":1924, please report a bug to PyTorch. 
2025-03-17 23:26:57,687 - ERROR - Error in batch 115 on GPU 0: !unmarked_param_indices.empty() INTERNAL ASSERT FAILED at "/pytorch/torch/csrc/distributed/c10d/reducer.cpp":1924, please report a bug to PyTorch. 
2025-03-17 23:26:57,689 - ERROR - Error in batch 116 on GPU 0: !unmarked_param_indices.empty() INTERNAL ASSERT FAILED at "/pytorch/torch/csrc/distributed/c10d/reducer.cpp":1924, please report a bug to PyTorch. 
2025-03-17 23:26:57,690 - ERROR - Error in batch 117 on GPU 0: !unmarked_param_indices.empty() INTERNAL ASSERT FAILED at "/pytorch/torch/csrc/distributed/c10d/reducer.cpp":1924, please report a bug to PyTorch. 
2025-03-17 23:26:57,747 - ERROR - Error in batch 118 on GPU 0: !unmarked_param_indices.empty() INTERNAL ASSERT FAILED at "/pytorch/torch/csrc/distributed/c10d/reducer.cpp":1924, please report a bug to PyTorch. 
2025-03-17 23:26:57,748 - ERROR - Error in batch 119 on GPU 0: !unmarked_param_indices.empty() INTERNAL ASSERT FAILED at "/pytorch/torch/csrc/distributed/c10d/reducer.cpp":1924, please report a bug to PyTorch. 
2025-03-17 23:26:57,749 - ERROR - Error in batch 120 on GPU 0: !unmarked_param_indices.empty() INTERNAL ASSERT FAILED at "/pytorch/torch/csrc/distributed/c10d/reducer.cpp":1924, please report a bug to PyTorch. 
2025-03-17 23:26:57,750 - ERROR - Error in batch 121 on GPU 0: !unmarked_param_indices.empty() INTERNAL ASSERT FAILED at "/pytorch/torch/csrc/distributed/c10d/reducer.cpp":1924, please report a bug to PyTorch. 
2025-03-17 23:26:57,881 - ERROR - Error in batch 122 on GPU 0: !unmarked_param_indices.empty() INTERNAL ASSERT FAILED at "/pytorch/torch/csrc/distributed/c10d/reducer.cpp":1924, please report a bug to PyTorch. 
2025-03-17 23:26:57,883 - ERROR - Error in batch 123 on GPU 0: !unmarked_param_indices.empty() INTERNAL ASSERT FAILED at "/pytorch/torch/csrc/distributed/c10d/reducer.cpp":1924, please report a bug to PyTorch. 
2025-03-17 23:26:57,920 - ERROR - Error in batch 124 on GPU 0: !unmarked_param_indices.empty() INTERNAL ASSERT FAILED at "/pytorch/torch/csrc/distributed/c10d/reducer.cpp":1924, please report a bug to PyTorch. 
2025-03-17 23:26:58,212 - ERROR - Error in batch 125 on GPU 0: !unmarked_param_indices.empty() INTERNAL ASSERT FAILED at "/pytorch/torch/csrc/distributed/c10d/reducer.cpp":1924, please report a bug to PyTorch. 
2025-03-17 23:26:58,351 - ERROR - Error in batch 126 on GPU 0: !unmarked_param_indices.empty() INTERNAL ASSERT FAILED at "/pytorch/torch/csrc/distributed/c10d/reducer.cpp":1924, please report a bug to PyTorch. 
2025-03-17 23:26:59,049 - ERROR - Error in batch 127 on GPU 0: !unmarked_param_indices.empty() INTERNAL ASSERT FAILED at "/pytorch/torch/csrc/distributed/c10d/reducer.cpp":1924, please report a bug to PyTorch. 
2025-03-17 23:26:59,050 - ERROR - Error in batch 128 on GPU 0: !unmarked_param_indices.empty() INTERNAL ASSERT FAILED at "/pytorch/torch/csrc/distributed/c10d/reducer.cpp":1924, please report a bug to PyTorch. 
2025-03-17 23:26:59,052 - ERROR - Error in batch 129 on GPU 0: !unmarked_param_indices.empty() INTERNAL ASSERT FAILED at "/pytorch/torch/csrc/distributed/c10d/reducer.cpp":1924, please report a bug to PyTorch. 
2025-03-17 23:26:59,054 - ERROR - Error in batch 130 on GPU 0: !unmarked_param_indices.empty() INTERNAL ASSERT FAILED at "/pytorch/torch/csrc/distributed/c10d/reducer.cpp":1924, please report a bug to PyTorch. 
2025-03-17 23:27:03,163 - ERROR - Error in batch 131 on GPU 0: !unmarked_param_indices.empty() INTERNAL ASSERT FAILED at "/pytorch/torch/csrc/distributed/c10d/reducer.cpp":1924, please report a bug to PyTorch. 
2025-03-17 23:27:03,166 - ERROR - Error in batch 132 on GPU 0: !unmarked_param_indices.empty() INTERNAL ASSERT FAILED at "/pytorch/torch/csrc/distributed/c10d/reducer.cpp":1924, please report a bug to PyTorch. 
2025-03-17 23:27:03,167 - ERROR - Error in batch 133 on GPU 0: !unmarked_param_indices.empty() INTERNAL ASSERT FAILED at "/pytorch/torch/csrc/distributed/c10d/reducer.cpp":1924, please report a bug to PyTorch. 
2025-03-17 23:27:03,169 - ERROR - Error in batch 134 on GPU 0: !unmarked_param_indices.empty() INTERNAL ASSERT FAILED at "/pytorch/torch/csrc/distributed/c10d/reducer.cpp":1924, please report a bug to PyTorch. 
2025-03-17 23:27:03,330 - ERROR - Error in batch 135 on GPU 0: !unmarked_param_indices.empty() INTERNAL ASSERT FAILED at "/pytorch/torch/csrc/distributed/c10d/reducer.cpp":1924, please report a bug to PyTorch. 
2025-03-17 23:27:03,332 - ERROR - Error in batch 136 on GPU 0: !unmarked_param_indices.empty() INTERNAL ASSERT FAILED at "/pytorch/torch/csrc/distributed/c10d/reducer.cpp":1924, please report a bug to PyTorch. 
2025-03-17 23:27:03,334 - ERROR - Error in batch 137 on GPU 0: !unmarked_param_indices.empty() INTERNAL ASSERT FAILED at "/pytorch/torch/csrc/distributed/c10d/reducer.cpp":1924, please report a bug to PyTorch. 
2025-03-17 23:27:03,336 - ERROR - Error in batch 138 on GPU 0: !unmarked_param_indices.empty() INTERNAL ASSERT FAILED at "/pytorch/torch/csrc/distributed/c10d/reducer.cpp":1924, please report a bug to PyTorch. 
2025-03-17 23:27:03,566 - ERROR - Error in batch 139 on GPU 0: !unmarked_param_indices.empty() INTERNAL ASSERT FAILED at "/pytorch/torch/csrc/distributed/c10d/reducer.cpp":1924, please report a bug to PyTorch. 
2025-03-17 23:27:03,567 - ERROR - Error in batch 140 on GPU 0: !unmarked_param_indices.empty() INTERNAL ASSERT FAILED at "/pytorch/torch/csrc/distributed/c10d/reducer.cpp":1924, please report a bug to PyTorch. 
2025-03-17 23:27:03,568 - ERROR - Error in batch 141 on GPU 0: !unmarked_param_indices.empty() INTERNAL ASSERT FAILED at "/pytorch/torch/csrc/distributed/c10d/reducer.cpp":1924, please report a bug to PyTorch. 
2025-03-17 23:27:03,569 - ERROR - Error in batch 142 on GPU 0: !unmarked_param_indices.empty() INTERNAL ASSERT FAILED at "/pytorch/torch/csrc/distributed/c10d/reducer.cpp":1924, please report a bug to PyTorch. 
2025-03-17 23:27:03,571 - ERROR - Error in batch 143 on GPU 0: !unmarked_param_indices.empty() INTERNAL ASSERT FAILED at "/pytorch/torch/csrc/distributed/c10d/reducer.cpp":1924, please report a bug to PyTorch. 
2025-03-17 23:27:03,571 - ERROR - Error in batch 144 on GPU 0: !unmarked_param_indices.empty() INTERNAL ASSERT FAILED at "/pytorch/torch/csrc/distributed/c10d/reducer.cpp":1924, please report a bug to PyTorch. 
2025-03-17 23:27:04,094 - ERROR - Error in batch 145 on GPU 0: !unmarked_param_indices.empty() INTERNAL ASSERT FAILED at "/pytorch/torch/csrc/distributed/c10d/reducer.cpp":1924, please report a bug to PyTorch. 
2025-03-17 23:27:04,097 - ERROR - Error in batch 146 on GPU 0: !unmarked_param_indices.empty() INTERNAL ASSERT FAILED at "/pytorch/torch/csrc/distributed/c10d/reducer.cpp":1924, please report a bug to PyTorch. 
2025-03-17 23:27:04,099 - ERROR - Error in batch 147 on GPU 0: !unmarked_param_indices.empty() INTERNAL ASSERT FAILED at "/pytorch/torch/csrc/distributed/c10d/reducer.cpp":1924, please report a bug to PyTorch. 
2025-03-17 23:27:04,100 - ERROR - Error in batch 148 on GPU 0: !unmarked_param_indices.empty() INTERNAL ASSERT FAILED at "/pytorch/torch/csrc/distributed/c10d/reducer.cpp":1924, please report a bug to PyTorch. 
2025-03-17 23:27:04,102 - ERROR - Error in batch 149 on GPU 0: !unmarked_param_indices.empty() INTERNAL ASSERT FAILED at "/pytorch/torch/csrc/distributed/c10d/reducer.cpp":1924, please report a bug to PyTorch. 
2025-03-17 23:27:04,103 - ERROR - Error in batch 150 on GPU 0: !unmarked_param_indices.empty() INTERNAL ASSERT FAILED at "/pytorch/torch/csrc/distributed/c10d/reducer.cpp":1924, please report a bug to PyTorch. 
2025-03-17 23:27:04,104 - ERROR - Error in batch 151 on GPU 0: !unmarked_param_indices.empty() INTERNAL ASSERT FAILED at "/pytorch/torch/csrc/distributed/c10d/reducer.cpp":1924, please report a bug to PyTorch. 
2025-03-17 23:27:04,106 - ERROR - Error in batch 152 on GPU 0: !unmarked_param_indices.empty() INTERNAL ASSERT FAILED at "/pytorch/torch/csrc/distributed/c10d/reducer.cpp":1924, please report a bug to PyTorch. 
2025-03-17 23:27:04,140 - ERROR - Error in batch 153 on GPU 0: !unmarked_param_indices.empty() INTERNAL ASSERT FAILED at "/pytorch/torch/csrc/distributed/c10d/reducer.cpp":1924, please report a bug to PyTorch. 
2025-03-17 23:27:04,560 - ERROR - Error in batch 154 on GPU 0: !unmarked_param_indices.empty() INTERNAL ASSERT FAILED at "/pytorch/torch/csrc/distributed/c10d/reducer.cpp":1924, please report a bug to PyTorch. 
2025-03-17 23:27:04,561 - ERROR - Error in batch 155 on GPU 0: !unmarked_param_indices.empty() INTERNAL ASSERT FAILED at "/pytorch/torch/csrc/distributed/c10d/reducer.cpp":1924, please report a bug to PyTorch. 
2025-03-17 23:27:04,562 - ERROR - Error in batch 156 on GPU 0: !unmarked_param_indices.empty() INTERNAL ASSERT FAILED at "/pytorch/torch/csrc/distributed/c10d/reducer.cpp":1924, please report a bug to PyTorch. 
2025-03-17 23:27:04,563 - ERROR - Error in batch 157 on GPU 0: !unmarked_param_indices.empty() INTERNAL ASSERT FAILED at "/pytorch/torch/csrc/distributed/c10d/reducer.cpp":1924, please report a bug to PyTorch. 
2025-03-17 23:27:04,580 - ERROR - Error in batch 158 on GPU 0: !unmarked_param_indices.empty() INTERNAL ASSERT FAILED at "/pytorch/torch/csrc/distributed/c10d/reducer.cpp":1924, please report a bug to PyTorch. 
2025-03-17 23:27:04,581 - ERROR - Error in batch 159 on GPU 0: !unmarked_param_indices.empty() INTERNAL ASSERT FAILED at "/pytorch/torch/csrc/distributed/c10d/reducer.cpp":1924, please report a bug to PyTorch. 
2025-03-17 23:27:04,582 - ERROR - Error in batch 160 on GPU 0: !unmarked_param_indices.empty() INTERNAL ASSERT FAILED at "/pytorch/torch/csrc/distributed/c10d/reducer.cpp":1924, please report a bug to PyTorch. 
2025-03-17 23:27:04,903 - ERROR - Error in batch 161 on GPU 0: !unmarked_param_indices.empty() INTERNAL ASSERT FAILED at "/pytorch/torch/csrc/distributed/c10d/reducer.cpp":1924, please report a bug to PyTorch. 
2025-03-17 23:27:04,905 - ERROR - Error in batch 162 on GPU 0: !unmarked_param_indices.empty() INTERNAL ASSERT FAILED at "/pytorch/torch/csrc/distributed/c10d/reducer.cpp":1924, please report a bug to PyTorch. 
2025-03-17 23:27:04,906 - ERROR - Error in batch 163 on GPU 0: !unmarked_param_indices.empty() INTERNAL ASSERT FAILED at "/pytorch/torch/csrc/distributed/c10d/reducer.cpp":1924, please report a bug to PyTorch. 
2025-03-17 23:27:05,198 - ERROR - Error in batch 164 on GPU 0: !unmarked_param_indices.empty() INTERNAL ASSERT FAILED at "/pytorch/torch/csrc/distributed/c10d/reducer.cpp":1924, please report a bug to PyTorch. 
2025-03-17 23:27:05,738 - ERROR - Error in batch 165 on GPU 0: !unmarked_param_indices.empty() INTERNAL ASSERT FAILED at "/pytorch/torch/csrc/distributed/c10d/reducer.cpp":1924, please report a bug to PyTorch. 
2025-03-17 23:27:05,740 - ERROR - Error in batch 166 on GPU 0: !unmarked_param_indices.empty() INTERNAL ASSERT FAILED at "/pytorch/torch/csrc/distributed/c10d/reducer.cpp":1924, please report a bug to PyTorch. 
2025-03-17 23:27:06,342 - ERROR - Error in batch 167 on GPU 0: !unmarked_param_indices.empty() INTERNAL ASSERT FAILED at "/pytorch/torch/csrc/distributed/c10d/reducer.cpp":1924, please report a bug to PyTorch. 
2025-03-17 23:27:06,344 - ERROR - Error in batch 168 on GPU 0: !unmarked_param_indices.empty() INTERNAL ASSERT FAILED at "/pytorch/torch/csrc/distributed/c10d/reducer.cpp":1924, please report a bug to PyTorch. 
2025-03-17 23:27:06,346 - ERROR - Error in batch 169 on GPU 0: !unmarked_param_indices.empty() INTERNAL ASSERT FAILED at "/pytorch/torch/csrc/distributed/c10d/reducer.cpp":1924, please report a bug to PyTorch. 
2025-03-17 23:27:06,347 - ERROR - Error in batch 170 on GPU 0: !unmarked_param_indices.empty() INTERNAL ASSERT FAILED at "/pytorch/torch/csrc/distributed/c10d/reducer.cpp":1924, please report a bug to PyTorch. 
2025-03-17 23:27:06,392 - ERROR - Error in batch 171 on GPU 0: !unmarked_param_indices.empty() INTERNAL ASSERT FAILED at "/pytorch/torch/csrc/distributed/c10d/reducer.cpp":1924, please report a bug to PyTorch. 
2025-03-17 23:27:06,393 - ERROR - Error in batch 172 on GPU 0: !unmarked_param_indices.empty() INTERNAL ASSERT FAILED at "/pytorch/torch/csrc/distributed/c10d/reducer.cpp":1924, please report a bug to PyTorch. 
2025-03-17 23:27:06,393 - ERROR - Error in batch 173 on GPU 0: !unmarked_param_indices.empty() INTERNAL ASSERT FAILED at "/pytorch/torch/csrc/distributed/c10d/reducer.cpp":1924, please report a bug to PyTorch. 
2025-03-17 23:27:06,394 - ERROR - Error in batch 174 on GPU 0: !unmarked_param_indices.empty() INTERNAL ASSERT FAILED at "/pytorch/torch/csrc/distributed/c10d/reducer.cpp":1924, please report a bug to PyTorch. 
2025-03-17 23:27:06,434 - ERROR - Error in batch 175 on GPU 0: !unmarked_param_indices.empty() INTERNAL ASSERT FAILED at "/pytorch/torch/csrc/distributed/c10d/reducer.cpp":1924, please report a bug to PyTorch. 
2025-03-17 23:27:06,434 - ERROR - Error in batch 176 on GPU 0: !unmarked_param_indices.empty() INTERNAL ASSERT FAILED at "/pytorch/torch/csrc/distributed/c10d/reducer.cpp":1924, please report a bug to PyTorch. 
2025-03-17 23:27:06,435 - ERROR - Error in batch 177 on GPU 0: !unmarked_param_indices.empty() INTERNAL ASSERT FAILED at "/pytorch/torch/csrc/distributed/c10d/reducer.cpp":1924, please report a bug to PyTorch. 
2025-03-17 23:27:06,454 - ERROR - Error in batch 178 on GPU 0: !unmarked_param_indices.empty() INTERNAL ASSERT FAILED at "/pytorch/torch/csrc/distributed/c10d/reducer.cpp":1924, please report a bug to PyTorch. 
2025-03-17 23:27:06,544 - ERROR - Error in batch 179 on GPU 0: !unmarked_param_indices.empty() INTERNAL ASSERT FAILED at "/pytorch/torch/csrc/distributed/c10d/reducer.cpp":1924, please report a bug to PyTorch. 
2025-03-17 23:27:06,547 - ERROR - Error in batch 180 on GPU 0: !unmarked_param_indices.empty() INTERNAL ASSERT FAILED at "/pytorch/torch/csrc/distributed/c10d/reducer.cpp":1924, please report a bug to PyTorch. 
2025-03-17 23:27:06,547 - ERROR - Error in batch 181 on GPU 0: !unmarked_param_indices.empty() INTERNAL ASSERT FAILED at "/pytorch/torch/csrc/distributed/c10d/reducer.cpp":1924, please report a bug to PyTorch. 
2025-03-17 23:27:06,809 - ERROR - Error in batch 182 on GPU 0: !unmarked_param_indices.empty() INTERNAL ASSERT FAILED at "/pytorch/torch/csrc/distributed/c10d/reducer.cpp":1924, please report a bug to PyTorch. 
2025-03-17 23:27:06,810 - ERROR - Error in batch 183 on GPU 0: !unmarked_param_indices.empty() INTERNAL ASSERT FAILED at "/pytorch/torch/csrc/distributed/c10d/reducer.cpp":1924, please report a bug to PyTorch. 
2025-03-17 23:27:06,811 - ERROR - Error in process 0: ProcessGroupWrapper: Monitored Barrier encountered error running collective: CollectiveFingerPrint(SequenceNumber=100OpType=BARRIER). Error: 
Application timeout caused pair closure
