2025-02-25 17:57:20,288 - INFO - Process 0/4 starting training
2025-02-25 17:57:23,247 - INFO - Using provided sampler, shuffle set to False
2025-02-25 17:57:23,248 - INFO - Created DataLoader with: batch_size=1, num_workers=2, shuffle=False, sampler=provided
2025-02-25 18:05:48,064 - ERROR - Error in batch 0 on GPU 0: Detected mismatch between collectives on ranks. Rank 0 is running collective: CollectiveFingerPrint(SequenceNumber=6, OpType=ALLREDUCE, TensorShape=[3962018], TensorDtypes=Float, TensorDeviceTypes=TensorOptions(dtype=float (default), device=cuda, layout=Strided (default), requires_grad=false (default), pinned_memory=false (default), memory_format=(nullopt))), but Rank 3 is running collective: CollectiveFingerPrint(SequenceNumber=6, OpType=ALLREDUCE, TensorShape=[1], TensorDtypes=Float, TensorDeviceTypes=TensorOptions(dtype=float (default), device=cuda, layout=Strided (default), requires_grad=false (default), pinned_memory=false (default), memory_format=(nullopt))).Collectives differ in the following aspects:   Tensor Tensor shapes: 3962018vs 1
2025-02-25 18:05:48,088 - ERROR - Error in batch 1 on GPU 0: !unmarked_param_indices.empty() INTERNAL ASSERT FAILED at "/pytorch/torch/csrc/distributed/c10d/reducer.cpp":1924, please report a bug to PyTorch. 
2025-02-25 18:05:48,091 - ERROR - Error in batch 2 on GPU 0: !unmarked_param_indices.empty() INTERNAL ASSERT FAILED at "/pytorch/torch/csrc/distributed/c10d/reducer.cpp":1924, please report a bug to PyTorch. 
2025-02-25 18:05:48,094 - ERROR - Error in batch 3 on GPU 0: !unmarked_param_indices.empty() INTERNAL ASSERT FAILED at "/pytorch/torch/csrc/distributed/c10d/reducer.cpp":1924, please report a bug to PyTorch. 
2025-02-25 18:05:48,097 - ERROR - Error in batch 4 on GPU 0: !unmarked_param_indices.empty() INTERNAL ASSERT FAILED at "/pytorch/torch/csrc/distributed/c10d/reducer.cpp":1924, please report a bug to PyTorch. 
2025-02-25 18:05:48,962 - ERROR - Error in batch 5 on GPU 0: !unmarked_param_indices.empty() INTERNAL ASSERT FAILED at "/pytorch/torch/csrc/distributed/c10d/reducer.cpp":1924, please report a bug to PyTorch. 
2025-02-25 18:05:48,966 - ERROR - Error in batch 6 on GPU 0: !unmarked_param_indices.empty() INTERNAL ASSERT FAILED at "/pytorch/torch/csrc/distributed/c10d/reducer.cpp":1924, please report a bug to PyTorch. 
2025-02-25 18:05:48,970 - ERROR - Error in batch 7 on GPU 0: !unmarked_param_indices.empty() INTERNAL ASSERT FAILED at "/pytorch/torch/csrc/distributed/c10d/reducer.cpp":1924, please report a bug to PyTorch. 
2025-02-25 18:05:48,974 - ERROR - Error in batch 8 on GPU 0: !unmarked_param_indices.empty() INTERNAL ASSERT FAILED at "/pytorch/torch/csrc/distributed/c10d/reducer.cpp":1924, please report a bug to PyTorch. 
2025-02-25 18:05:48,990 - ERROR - Error in batch 9 on GPU 0: !unmarked_param_indices.empty() INTERNAL ASSERT FAILED at "/pytorch/torch/csrc/distributed/c10d/reducer.cpp":1924, please report a bug to PyTorch. 
2025-02-25 18:05:49,226 - ERROR - Error in batch 10 on GPU 0: !unmarked_param_indices.empty() INTERNAL ASSERT FAILED at "/pytorch/torch/csrc/distributed/c10d/reducer.cpp":1924, please report a bug to PyTorch. 
2025-02-25 18:05:49,228 - ERROR - Error in batch 11 on GPU 0: !unmarked_param_indices.empty() INTERNAL ASSERT FAILED at "/pytorch/torch/csrc/distributed/c10d/reducer.cpp":1924, please report a bug to PyTorch. 
2025-02-25 18:05:49,367 - ERROR - Error in batch 12 on GPU 0: !unmarked_param_indices.empty() INTERNAL ASSERT FAILED at "/pytorch/torch/csrc/distributed/c10d/reducer.cpp":1924, please report a bug to PyTorch. 
2025-02-25 18:05:49,371 - ERROR - Error in batch 13 on GPU 0: !unmarked_param_indices.empty() INTERNAL ASSERT FAILED at "/pytorch/torch/csrc/distributed/c10d/reducer.cpp":1924, please report a bug to PyTorch. 
2025-02-25 18:05:49,419 - ERROR - Error in batch 14 on GPU 0: !unmarked_param_indices.empty() INTERNAL ASSERT FAILED at "/pytorch/torch/csrc/distributed/c10d/reducer.cpp":1924, please report a bug to PyTorch. 
2025-02-25 18:05:49,421 - ERROR - Error in batch 15 on GPU 0: !unmarked_param_indices.empty() INTERNAL ASSERT FAILED at "/pytorch/torch/csrc/distributed/c10d/reducer.cpp":1924, please report a bug to PyTorch. 
2025-02-25 18:05:49,453 - ERROR - Error in batch 16 on GPU 0: !unmarked_param_indices.empty() INTERNAL ASSERT FAILED at "/pytorch/torch/csrc/distributed/c10d/reducer.cpp":1924, please report a bug to PyTorch. 
2025-02-25 18:05:49,619 - ERROR - Error in batch 17 on GPU 0: !unmarked_param_indices.empty() INTERNAL ASSERT FAILED at "/pytorch/torch/csrc/distributed/c10d/reducer.cpp":1924, please report a bug to PyTorch. 
2025-02-25 18:05:49,621 - ERROR - Error in batch 18 on GPU 0: !unmarked_param_indices.empty() INTERNAL ASSERT FAILED at "/pytorch/torch/csrc/distributed/c10d/reducer.cpp":1924, please report a bug to PyTorch. 
2025-02-25 18:05:49,641 - ERROR - Error in batch 19 on GPU 0: !unmarked_param_indices.empty() INTERNAL ASSERT FAILED at "/pytorch/torch/csrc/distributed/c10d/reducer.cpp":1924, please report a bug to PyTorch. 
2025-02-25 18:05:49,643 - ERROR - Error in batch 20 on GPU 0: !unmarked_param_indices.empty() INTERNAL ASSERT FAILED at "/pytorch/torch/csrc/distributed/c10d/reducer.cpp":1924, please report a bug to PyTorch. 
2025-02-25 18:05:49,652 - ERROR - Error in batch 21 on GPU 0: !unmarked_param_indices.empty() INTERNAL ASSERT FAILED at "/pytorch/torch/csrc/distributed/c10d/reducer.cpp":1924, please report a bug to PyTorch. 
2025-02-25 18:05:50,438 - ERROR - Error in batch 22 on GPU 0: !unmarked_param_indices.empty() INTERNAL ASSERT FAILED at "/pytorch/torch/csrc/distributed/c10d/reducer.cpp":1924, please report a bug to PyTorch. 
